,Movisa Template, 7 ,  318179
,Events, 1 ,  78380
,Events, 1 ,  61755
,Events, 1 ,  65473
,Events, 1 ,  65209
,Events, 1 ,  50897
,Events, 1 ,  61933
,Events, 1 ,  51236
,Events, 1 ,  43502
,Events, 1 ,  34204
,Events, 1 ,  38152
,Events, 1 ,  42144
,Events, 1 ,  35838
,Events, 1 ,  38805
,Events, 1 ,  36459
,Events, 1 ,  48388
,Events, 1 ,  42405
,Events, 1 ,  45711
,Events, 1 ,  41960
,Events, 1 ,  71687
,Events, 1 ,  44960
,Events, 1 ,  43690
,Events, 1 ,  41523
,Events, 1 ,  41835
,Events, 1 ,  44741
,Events, 1 ,  37359
,Events, 1 ,  41484
,Events, 1 ,  38138
,Events, 1 ,  35754
,Events, 1 ,  41262
,Events, 1 ,  39934
,Events, 1 ,  38032
,Events, 1 ,  36956
,Events, 1 ,  36733
,Events, 1 ,  57610
,Events, 1 ,  81394
,Events, 1 ,  62423
,Events, 1 ,  56941
,Events, 1 ,  43709
,Events, 1 ,  42272
,Events, 1 ,  51767
,Events, 1 ,  88399
,Events, 1 ,  83409
,Events, 1 ,  83053
,Events, 1 ,  61537
,Events, 1 ,  43601
,Events, 1 ,  50767
,Events, 1 ,  40614
,Events, 1 ,  45391
,Events, 1 ,  73264
,Events, 1 ,  85626
,Events, 1 ,  76924
,Events, 1 ,  89535
,Events, 1 ,  97977
,Events, 1 ,  94708
,Events, 1 ,  88363
,Events, 1 ,  82522
,Events, 1 ,  115191
,Events, 1 ,  332690
,Events, 1 ,  89415
,States2Panels, 1 ,  172905
,Transitions, 1 ,  177834
,Transitions, 1 ,  140163
,Transitions, 1 ,  154051
,Transitions, 1 ,  144893
,Transitions, 1 ,  224257
,Transitions, 1 ,  337706
,States2Panels, 1 ,  103441
,Transitions, 1 ,  133444
,States2Panels, 1 ,  91780
,Transitions, 1 ,  391891
,States2Panels, 1 ,  115806
,Transitions, 1 ,  147894
,Transitions, 1 ,  145147
,Transitions, 1 ,  163111
,Transitions, 1 ,  139853
,Transitions, 1 ,  139703
,Transitions, 1 ,  147604
,Transitions, 1 ,  157313
,Transitions, 1 ,  153478
,Transitions, 1 ,  139118
,Transitions, 1 ,  240918
,Transitions, 1 ,  206544
,States2Panels, 1 ,  109508
,Transitions, 1 ,  156529
,States2Panels, 1 ,  97342
,Transitions, 1 ,  158531
,States2Panels, 1 ,  90729
,Transitions, 1 ,  275748
,States2Panels, 1 ,  138500
,Transitions, 1 ,  141599
,States2Panels, 1 ,  87032
,Transitions, 1 ,  181541
,States2Panels, 1 ,  112774
,Transitions, 1 ,  141924
,Transitions, 1 ,  150014
,States2Panels, 1 ,  157589
,Transitions, 1 ,  258217
,States2Panels, 1 ,  97010
,Transitions, 1 ,  258694
,Transitions, 1 ,  156228
,States2Panels, 1 ,  96216
,Transitions, 1 ,  161270
,States2Panels, 1 ,  106573
,Transitions, 1 ,  148332
,Transitions, 1 ,  143044
,States2Panels, 1 ,  93408
,Transitions, 1 ,  141433
,States2Panels, 1 ,  93532
,Transitions, 1 ,  175605
,Transitions, 1 ,  146683
,States2Panels, 1 ,  156423
,Transitions, 1 ,  148778
,States2Panels, 1 ,  80508
,Transitions, 1 ,  142205
,Transitions, 1 ,  169723
,States2Panels, 1 ,  107900
,Transitions, 1 ,  151218
,States2Panels, 1 ,  126389
,Transitions, 1 ,  157785
,States2Panels, 1 ,  93358
,Transitions, 1 ,  145086
,Transitions, 1 ,  143214
,Transitions, 1 ,  133011
,Transitions, 1 ,  142686
,Transitions, 1 ,  139001
,Transitions, 1 ,  135970
,States2Panels, 1 ,  99904
,Transitions, 1 ,  135669
,States2Panels, 1 ,  133858
,Transitions, 1 ,  145259
,States2Panels, 1 ,  101269
,Transitions, 1 ,  187535
,States2Panels, 1 ,  102108
,Transitions, 1 ,  225499
,Transitions, 1 ,  150756
,States2Panels, 1 ,  124797
,Transitions, 1 ,  152732
,States2Panels, 1 ,  140062
,Transitions, 1 ,  150893
,Transitions, 1 ,  140896
,States2Panels, 1 ,  98087
,Transitions, 1 ,  158684
,States2Panels, 1 ,  91213
,Transitions, 1 ,  138906
,Transitions, 1 ,  161556
,States2Panels, 1 ,  100820
,Transitions, 1 ,  140802
,States2Panels, 1 ,  75830
,Transitions, 1 ,  136042
,Transitions, 1 ,  142499
,Transitions, 1 ,  132425
,Transitions, 1 ,  147882
,Transitions, 1 ,  139865
,Transitions, 1 ,  159695
,States2Panels, 1 ,  95191
,Transitions, 1 ,  138241
,States2Panels, 1 ,  79998
,Transitions, 1 ,  139344
,States2Panels, 1 ,  97738
,Transitions, 1 ,  137733
,States2Panels, 1 ,  88305
,Transitions, 1 ,  181098
,Transitions, 1 ,  198557
,States2Panels, 1 ,  102475
,Transitions, 1 ,  171022
,States2Panels, 1 ,  97307
,Transitions, 1 ,  159247
,Transitions, 1 ,  135983
,States2Panels, 1 ,  98688
,Transitions, 1 ,  186550
,States2Panels, 1 ,  95072
,Transitions, 1 ,  139444
,Transitions, 1 ,  152802
,States2Panels, 1 ,  100627
,Transitions, 1 ,  142596
,States2Panels, 1 ,  88619
,Transitions, 1 ,  148737
,Transitions, 1 ,  156267
,Transitions, 1 ,  149854
,Transitions, 1 ,  216016
,Transitions, 1 ,  409203
,Transitions, 1 ,  153391
,Transitions, 1 ,  169452
,Transitions, 1 ,  181330
,Transitions, 1 ,  155569
,Transitions, 1 ,  243534
,Transitions, 1 ,  425039
,Transitions, 1 ,  214005
,Transitions, 1 ,  141133
,Transitions, 1 ,  239439
,Transitions, 1 ,  215747
,States2Panels, 1 ,  152376
,Transitions, 1 ,  258228
,States2Panels, 1 ,  155509
,Transitions, 1 ,  269841
,States2Panels, 1 ,  155195
,Transitions, 1 ,  300998
,States2Panels, 1 ,  141563
,Transitions, 1 ,  243104
,States2Panels, 1 ,  145954
,Transitions, 1 ,  243182
,States2Panels, 1 ,  126648
,Transitions, 1 ,  223419
,States2Panels, 1 ,  128890
,Transitions, 1 ,  228681
,States2Panels, 1 ,  132884
,Transitions, 1 ,  176582
,States2Panels, 1 ,  118311
,Transitions, 1 ,  218078
,States2Panels, 1 ,  128725
,Transitions, 1 ,  139038
,States2Panels, 1 ,  72047
,Transitions, 1 ,  132726
,States2Panels, 1 ,  70944
,Transitions, 1 ,  121858
,States2Panels, 1 ,  69921
,Transitions, 1 ,  118452
,States2Panels, 1 ,  69110
,Transitions, 1 ,  117898
,States2Panels, 1 ,  77159
,Transitions, 1 ,  127397
,States2Panels, 1 ,  61482
,Transitions, 1 ,  109478
,States2Panels, 1 ,  68042
,Transitions, 1 ,  112697
,NavigatorButton, 1 ,  652850
,NavigatorButton, 1 ,  573166
,Input Double readonly, 2 ,  5431046
,Signal Double, 8 ,  3265886
,Input Double readonly, 2 ,  4885285
,Signal Double, 8 ,  28747704
,Input Double readonly, 2 ,  4680746
,Signal Double, 8 ,  2998136
,Input Double readonly, 2 ,  4699613
,Signal Double, 8 ,  2996519
,Input Double readonly, 2 ,  5390487
,Signal Double, 8 ,  3131167
,Input Double readonly, 2 ,  4736231
,Signal Double, 8 ,  3192001
,Input Double readonly, 2 ,  4627726
,Signal Double, 8 ,  3037041
,Input Double readonly, 2 ,  4480802
,Signal Double, 8 ,  2569590
,Input Bool writeable, 2 ,  3204791
,Signal Boolean, 8 ,  2619135
,Input Bool writeable, 2 ,  3142871
,Signal Boolean, 8 ,  2555663
,Input Bool writeable, 2 ,  3149872
,Signal Boolean, 8 ,  2676799
,Input Bool writeable, 2 ,  3169598
,Signal Boolean, 8 ,  2563969
,Input Bool writeable, 2 ,  3134270
,Signal Boolean, 8 ,  2590066
,Input Bool writeable, 2 ,  3158426
,Signal Boolean, 8 ,  2593705
,Input Bool writeable, 2 ,  3228408
,Signal Boolean, 8 ,  2671145
,Input Bool writeable, 2 ,  3275137
,Signal Boolean, 8 ,  2708758
,Input Bool writeable, 2 ,  3369745
,Signal Boolean, 8 ,  4679526
,Input Bool writeable, 2 ,  3216367
,Signal Boolean, 8 ,  2594404
,Input Bool writeable, 2 ,  3122097
,Signal Boolean, 8 ,  2655875
,Input Bool writeable, 2 ,  3173674
,Signal Boolean, 8 ,  2843266
,Input Bool writeable, 2 ,  3150886
,Signal Boolean, 8 ,  2590120
,Input Bool writeable, 2 ,  3168252
,Signal Boolean, 8 ,  2587452
,Input Bool writeable, 2 ,  3134775
,Signal Boolean, 8 ,  2581310
,Input Bool writeable, 2 ,  4497284
,Signal Boolean, 8 ,  3931852
,Input Bool writeable, 2 ,  4468939
,Signal Boolean, 8 ,  4700561
,Input Bool writeable, 2 ,  4648692
,Signal Boolean, 8 ,  5263752
,Input Bool writeable, 2 ,  4931137
,Signal Boolean, 8 ,  4010074
,Input Bool writeable, 2 ,  4720340
,Signal Boolean, 8 ,  2720776
,Input Bool writeable, 2 ,  4024156
,Signal Boolean, 8 ,  3156384
,Input Bool writeable, 2 ,  3233802
,Signal Boolean, 8 ,  2698482
,Input Bool writeable, 2 ,  4882073
,Signal Boolean, 8 ,  2675483
,Output Double, 2 ,  4895504
,Signal Double, 8 ,  3296771
,Output Double, 2 ,  4991434
,Signal Double, 8 ,  3201209
,Output Double, 2 ,  6483586
,Signal Double, 8 ,  6178974
,Output Double, 2 ,  7834040
,Signal Double, 8 ,  5546465
,Output Bool, 2 ,  7565107
,Signal Boolean, 8 ,  24862872
,Output Bool, 2 ,  8514337
,Signal Boolean, 8 ,  4641841
,Output Bool, 2 ,  7535079
,Signal Boolean, 8 ,  4112089
,Output Bool, 2 ,  8549879
,Signal Boolean, 8 ,  2919271
,Output Bool, 2 ,  8090683
,Signal Boolean, 8 ,  4238042
,Output Bool, 2 ,  8813544
,Signal Boolean, 8 ,  3109101
,Output Bool, 2 ,  7582118
,Signal Boolean, 8 ,  3719618
,Output Bool, 2 ,  8762934
,Signal Boolean, 8 ,  4058313
,Output Bool, 2 ,  5547302
,Signal Boolean, 8 ,  2806357
,Output Bool, 2 ,  6300228
,Signal Boolean, 8 ,  3095728
,Output Bool, 2 ,  5430315
,Signal Boolean, 8 ,  2832804
,Output Bool, 2 ,  5589378
,Signal Boolean, 8 ,  3409679
,Output Bool, 2 ,  5115229
,Signal Boolean, 8 ,  2825064
,Output Bool, 2 ,  5431307
,Signal Boolean, 8 ,  3887674
,Output Bool, 2 ,  7140501
,Signal Boolean, 8 ,  2732352
,Output Bool, 2 ,  5341077
,Signal Boolean, 8 ,  2702060
,Output Bool, 2 ,  5382967
,Signal Boolean, 8 ,  3779361
,Output Bool, 2 ,  6382856
,Signal Boolean, 8 ,  4127375
,Output Bool, 2 ,  7588860
,Signal Boolean, 8 ,  3676311
,NavigatorButton, 1 ,  1040773
,NavigatorButton, 1 ,  939871
,VIObject Container Rectangle, 1 ,  470655
,LibraryComponent, 5 ,  2573791
,NavigatorButton, 1 ,  1306555
,NavigatorButton, 1 ,  1315267
,NavigatorButton, 1 ,  1423817
,NavigatorButton, 1 ,  1169857
,NavigatorButton, 1 ,  1133119
,NavigatorButton, 1 ,  1154780
,Input Bool writeable, 2 ,  5283639
,Signal Boolean, 8 ,  5813178
,Input Bool writeable, 2 ,  3809663
,Signal Boolean, 8 ,  4227384
,Input Bool writeable, 2 ,  5009749
,Signal Boolean, 8 ,  4514084
,Input Bool writeable, 2 ,  3641460
,Signal Boolean, 8 ,  2755588
,Input Bool writeable, 2 ,  5204434
,Signal Boolean, 8 ,  2936634
,Input Bool writeable, 2 ,  5297646
,Signal Boolean, 8 ,  3799359
,Input Bool writeable, 2 ,  25504793
,Signal Boolean, 8 ,  4892697
,Input Bool writeable, 2 ,  5376684
,Signal Boolean, 8 ,  4132612
,Input Bool writeable, 2 ,  5172679
,Signal Boolean, 8 ,  5244938
,Input Bool writeable, 2 ,  5598402
,Signal Boolean, 8 ,  3451465
,Input Bool writeable, 2 ,  3684043
,Signal Boolean, 8 ,  2799952
,Input Bool writeable, 2 ,  3407956
,Signal Boolean, 8 ,  2897043
,Input Bool writeable, 2 ,  5348754
,Signal Boolean, 8 ,  4966027
,Input Bool writeable, 2 ,  5147046
,Signal Boolean, 8 ,  4320610
,Input Bool writeable, 2 ,  4372362
,Signal Boolean, 8 ,  4252699
,Input Bool writeable, 2 ,  4843858
,Signal Boolean, 8 ,  5047787
,Input Bool writeable, 2 ,  4863190
,Signal Boolean, 8 ,  4319598
,Input Bool writeable, 2 ,  4303790
,Signal Boolean, 8 ,  4280068
,Input Bool writeable, 2 ,  5304170
,Signal Boolean, 8 ,  3933107
,Input Bool writeable, 2 ,  4436883
,Signal Boolean, 8 ,  5464513
,Input Bool writeable, 2 ,  4371372
,Signal Boolean, 8 ,  4729078
,Input Bool writeable, 2 ,  5884022
,Signal Boolean, 8 ,  4935704
,Input Bool writeable, 2 ,  5053251
,Signal Boolean, 8 ,  3264420
,Input Bool writeable, 2 ,  4187902
,Signal Boolean, 8 ,  4992802
,Output Bool, 2 ,  7800963
,Signal Boolean, 8 ,  4181770
,Output Bool, 2 ,  7522196
,Signal Boolean, 8 ,  4267043
,Output Bool, 2 ,  8208354
,Signal Boolean, 8 ,  4078752
,Output Bool, 2 ,  7992117
,Signal Boolean, 8 ,  4558180
,Output Bool, 2 ,  7839283
,Signal Boolean, 8 ,  4304246
,Output Bool, 2 ,  7779876
,Signal Boolean, 8 ,  4283300
,Output Bool, 2 ,  7714136
,Signal Boolean, 8 ,  4287966
,Output Bool, 2 ,  7714701
,Signal Boolean, 8 ,  4419307
,Output Bool, 2 ,  7325553
,Signal Boolean, 8 ,  5098953
,Output Bool, 2 ,  6305204
,Signal Boolean, 8 ,  3659636
,Output Bool, 2 ,  8268613
,Signal Boolean, 8 ,  4704451
,Output Bool, 2 ,  8247438
,Signal Boolean, 8 ,  4435188
,Output Bool, 2 ,  7767988
,Signal Boolean, 8 ,  18303842
,Output Bool, 2 ,  8051122
,Signal Boolean, 8 ,  2916776
,Output Bool, 2 ,  5341932
,Signal Boolean, 8 ,  4665171
,Output Bool, 2 ,  5533405
,Signal Boolean, 8 ,  3115985
,NavigatorButton, 1 ,  673702
,NavigatorButton, 1 ,  659353
,NavigatorButton, 1 ,  687898
,NavigatorButton, 1 ,  828581
,Output Bool, 2 ,  5308481
,Signal Boolean, 8 ,  2938285
,NavigatorButton, 1 ,  730549
,NavigatorButton, 1 ,  602720
,NavigatorButton, 1 ,  597154
,NavigatorButton, 1 ,  614673
,Output Bool, 2 ,  6735764
,Signal Boolean, 8 ,  2983586
,NavigatorButton, 1 ,  661561
,NavigatorButton, 1 ,  658668
,NavigatorButton, 1 ,  662829
,NavigatorButton, 1 ,  625954
,NavigatorButton, 1 ,  788163
,NavigatorButton, 1 ,  609390
,Input Bool writeable, 2 ,  3847465
,Signal Boolean, 8 ,  3194724
,Output Bool, 2 ,  5122368
,Signal Boolean, 8 ,  2929283
,NavigatorButton, 1 ,  1907207
,NavigatorButton, 1 ,  1289632
,Output Bool, 2 ,  8273963
,Signal Boolean, 8 ,  4773148
,NavigatorButton, 1 ,  1183750
,NavigatorButton, 1 ,  1273054
,Output Double, 2 ,  8037876
,Signal Double, 8 ,  6033292
,Output Double, 2 ,  8177076
,Signal Double, 8 ,  3310257
,Output Double, 2 ,  7185646
,Signal Double, 8 ,  3930511
,Output Double, 2 ,  6060240
,Signal Double, 8 ,  5910208
,Output Double, 2 ,  6933160
,Signal Double, 8 ,  4489620
,Output Double, 2 ,  6051010
,Signal Double, 8 ,  5064321
,Output Bool, 2 ,  8453545
,Signal Boolean, 8 ,  4520458
,NavigatorButton, 1 ,  1102134
,NavigatorButton, 1 ,  1095252
,NavigatorButton, 1 ,  716803
,NavigatorButton, 1 ,  987343
,NavigatorButton, 1 ,  1112501
,NavigatorButton, 1 ,  1078222
,Output Bool, 2 ,  7244394
,Signal Boolean, 8 ,  4717226
,NavigatorButton, 1 ,  682076
,NavigatorButton, 1 ,  802193
,NavigatorButton, 1 ,  1003063
,NavigatorButton, 1 ,  690375
,NavigatorButton, 1 ,  723722
,NavigatorButton, 1 ,  1245763
,NavigatorButton, 1 ,  1104586
,NavigatorButton, 1 ,  959429
,NavigatorButton, 1 ,  716486
,NavigatorButton, 1 ,  641584
,NavigatorButton, 1 ,  928492
,NavigatorButton, 1 ,  880405
,NavigatorButton, 1 ,  1079798
,NavigatorButton, 1 ,  1157185
,NavigatorButton, 1 ,  1132896
,NavigatorButton, 1 ,  897196
,FunctionButton, 2 ,  3951760
,UA Items (FunctionInterface), 22 ,  1212506
,FunctionButton, 2 ,  3804862
,UA Items (FunctionInterface), 22 ,  2124752
,VIObject Container Rectangle, 1 ,  282404
,LibraryComponent, 5 ,  1151171
,VIObject Container Rectangle, 1 ,  795009
,LibraryComponent, 5 ,  1079764
,VIObject Container Rectangle, 1 ,  191634
,LibraryComponent, 5 ,  1121763
,VIObject Container Rectangle, 1 ,  200226
,LibraryComponent, 5 ,  1018189
,VIObject Container Rectangle, 1 ,  272509
,LibraryComponent, 5 ,  1011538
,VIObject Container Rectangle, 1 ,  197868
,LibraryComponent, 5 ,  1118915
,VIObject Container Rectangle, 1 ,  208058
,LibraryComponent, 5 ,  1021496
,VIObject Container Rectangle, 1 ,  185106
,LibraryComponent, 5 ,  1020596
,VIObject Container Rectangle, 1 ,  192794
,LibraryComponent, 5 ,  1262375
,VIObject Container Rectangle, 1 ,  392859
,LibraryComponent, 5 ,  1079141
,VIObject Container Rectangle, 1 ,  167997
,LibraryComponent, 6 ,  1141541
,VIObject Container Rectangle, 1 ,  297881
,LibraryComponent, 6 ,  1651481
,VIObject Container Rectangle, 1 ,  194961
,LibraryComponent, 6 ,  1331575
,VIObject Container Rectangle, 1 ,  173255
,LibraryComponent, 6 ,  1129628
,VIObject Container Rectangle, 1 ,  184922
,LibraryComponent, 6 ,  1107377
,NavigatorButton, 1 ,  1169659
,NavigatorButton, 1 ,  600199
,Output Bool, 2 ,  5020491
,Signal Boolean, 8 ,  3439082
,NavigatorButton, 1 ,  766466
,NavigatorButton, 1 ,  750431
,NavigatorButton, 1 ,  587240
,VIObject Container Rectangle, 1 ,  147562
,LibraryComponent, 4 ,  1317337
,NavigatorButton, 1 ,  644807
,NavigatorButton, 1 ,  577384
,Output Bool, 2 ,  5855972
,Signal Boolean, 8 ,  2691902
,NavigatorButton, 1 ,  663320
,NavigatorButton, 1 ,  557800
,NavigatorButton, 1 ,  582834
,VIObject Container Rectangle, 1 ,  157995
,LibraryComponent, 4 ,  1393173
,NavigatorButton, 1 ,  1080476
,NavigatorButton, 1 ,  1196925
,Output Bool, 2 ,  19411293
,Signal Boolean, 8 ,  3889016
,NavigatorButton, 1 ,  925928
,NavigatorButton, 1 ,  1170870
,NavigatorButton, 1 ,  1070467
,VIObject Container Rectangle, 1 ,  254905
,LibraryComponent, 4 ,  1495347
,NavigatorButton, 1 ,  763524
,NavigatorButton, 1 ,  1127936
,Input Bool writeable, 2 ,  4873246
,Signal Boolean, 8 ,  4933180
,Output Bool, 2 ,  5710454
,Signal Boolean, 8 ,  2750436
,NavigatorButton, 1 ,  1389549
,NavigatorButton, 1 ,  708825
,FunctionButton, 2 ,  2411648
,UA Items (FunctionInterface), 21 ,  1179504
,NavigatorButton, 1 ,  1045801
,NavigatorButton, 1 ,  1037003
,Input Bool writeable, 2 ,  5287272
,Signal Boolean, 8 ,  3428072
,Input Bool writeable, 2 ,  4629471
,Signal Boolean, 8 ,  4754682
,Input Bool writeable, 2 ,  4915839
,Signal Boolean, 8 ,  4330839
,Input Bool writeable, 2 ,  5012794
,Signal Boolean, 8 ,  2616847
,Input Bool writeable, 2 ,  3386872
,Signal Boolean, 8 ,  2605407
,Input Bool writeable, 2 ,  4163078
,Signal Boolean, 8 ,  2670725
,Input Bool writeable, 2 ,  3292607
,Signal Boolean, 8 ,  2899626
,Input Bool writeable, 2 ,  5155603
,Signal Boolean, 8 ,  4194855
,Input Bool writeable, 2 ,  4242586
,Signal Boolean, 8 ,  2747810
,Input Bool writeable, 2 ,  5232406
,Signal Boolean, 8 ,  2990018
,Input Bool writeable, 2 ,  3321507
,Signal Boolean, 8 ,  3147350
,Input Bool writeable, 2 ,  3273756
,Signal Boolean, 8 ,  2800866
,Input Bool writeable, 2 ,  3344658
,Signal Boolean, 8 ,  3318120
,Input Bool writeable, 2 ,  3255315
,Signal Boolean, 8 ,  2881458
,Input Bool writeable, 2 ,  3678604
,Signal Boolean, 8 ,  3422463
,Input Bool writeable, 2 ,  4887373
,Signal Boolean, 8 ,  5021988
,Output Bool, 2 ,  6250867
,Signal Boolean, 8 ,  4353146
,Output Bool, 2 ,  8582752
,Signal Boolean, 8 ,  4659270
,Output Bool, 2 ,  7798713
,Signal Boolean, 8 ,  4190282
,Output Bool, 2 ,  7745979
,Signal Boolean, 8 ,  3648179
,Output Bool, 2 ,  5448178
,Signal Boolean, 8 ,  2751468
,Output Bool, 2 ,  5779298
,Signal Boolean, 8 ,  2639451
,Output Bool, 2 ,  8053719
,Signal Boolean, 8 ,  5005424
,Output Bool, 2 ,  7360788
,Signal Boolean, 8 ,  3463875
,Output Bool, 2 ,  5314391
,Signal Boolean, 8 ,  2654282
,Output Bool, 2 ,  5112798
,Signal Boolean, 8 ,  2608271
,Output Bool, 2 ,  5589949
,Signal Boolean, 8 ,  2794805
,Output Bool, 2 ,  19582024
,Signal Boolean, 8 ,  2940517
,Output Bool, 2 ,  7460496
,Signal Boolean, 8 ,  2872663
,NavigatorButton, 1 ,  775700
,NavigatorButton, 1 ,  1561018
,NavigatorButton, 1 ,  1142782
,NavigatorButton, 1 ,  1085388
,NavigatorButton, 1 ,  933849
,NavigatorButton, 1 ,  623295
,NavigatorButton, 1 ,  756390
,FunctionButton, 2 ,  3251614
,UA Items (FunctionInterface), 22 ,  2202046
,FunctionButton, 2 ,  3325593
,UA Items (FunctionInterface), 22 ,  2154924
,VIObject Container Rectangle, 1 ,  305971
,LibraryComponent, 5 ,  2065041
,VIObject Container Rectangle, 1 ,  305279
,LibraryComponent, 5 ,  1586900
,VIObject Container Rectangle, 1 ,  311400
,LibraryComponent, 4 ,  1458759
,VIObject Container Rectangle, 1 ,  282494
,LibraryComponent, 5 ,  1753120
,VIObject Container Rectangle, 1 ,  307311
,LibraryComponent, 5 ,  1647469
,VIObject Container Rectangle, 1 ,  394146
,LibraryComponent, 5 ,  1447354
,NavigatorButton, 1 ,  640844
,NavigatorButton, 1 ,  585592
,Output Bool, 2 ,  7039373
,Signal Boolean, 8 ,  4616897
,NavigatorButton, 1 ,  1294974
,NavigatorButton, 1 ,  1002216
,NavigatorButton, 1 ,  1036627
,VIObject Container Rectangle, 1 ,  265782
,LibraryComponent, 4 ,  1655592
,NavigatorButton, 1 ,  1089041
,NavigatorButton, 1 ,  1121045
,Output Bool, 2 ,  6832299
,Signal Boolean, 8 ,  4247538
,NavigatorButton, 1 ,  1079626
,NavigatorButton, 1 ,  734313
,NavigatorButton, 1 ,  1115254
,VIObject Container Rectangle, 1 ,  259484
,LibraryComponent, 4 ,  1498684
,NavigatorButton, 1 ,  1149925
,NavigatorButton, 1 ,  1242638
,Output Bool, 2 ,  7533061
,Signal Boolean, 8 ,  4355152
,NavigatorButton, 1 ,  886447
,NavigatorButton, 1 ,  1049655
,NavigatorButton, 1 ,  1079113
,VIObject Container Rectangle, 1 ,  195268
,LibraryComponent, 4 ,  1349244
,NavigatorButton, 1 ,  1110947
,NavigatorButton, 1 ,  1014182
,Input Bool writeable, 2 ,  5379969
,Signal Boolean, 8 ,  4122515
,Output Bool, 2 ,  8116854
,Signal Boolean, 8 ,  4276123
,NavigatorButton, 1 ,  1088623
,NavigatorButton, 1 ,  756136
,FunctionButton, 2 ,  3168229
,UA Items (FunctionInterface), 21 ,  2347580
,Output Bool, 2 ,  7510422
,Signal Boolean, 8 ,  3946602
,Output Bool, 2 ,  8091202
,Signal Boolean, 8 ,  4860448
,Output Bool, 2 ,  7830686
,Signal Boolean, 8 ,  6174673
,Output Bool, 2 ,  8321099
,Signal Boolean, 8 ,  4173582
,Output Bool, 2 ,  7694955
,Signal Boolean, 8 ,  3368432
,Output Bool, 2 ,  12119597
,Signal Boolean, 8 ,  3656436
,Output Bool, 2 ,  7823954
,Signal Boolean, 8 ,  5361608
,Output Bool, 2 ,  7223602
,Signal Boolean, 8 ,  3119039
,Output Bool, 2 ,  7503120
,Signal Boolean, 8 ,  4443988
,Output Bool, 2 ,  7209820
,Signal Boolean, 8 ,  4618797
,Output Bool, 2 ,  9525901
,Signal Boolean, 8 ,  4933374
,Output Bool, 2 ,  7814239
,Signal Boolean, 8 ,  5009298
,Output Bool, 2 ,  7819623
,Signal Boolean, 8 ,  5749881
,Output Bool, 2 ,  6868425
,Signal Boolean, 8 ,  4159286
,Output Bool, 2 ,  8519486
,Signal Boolean, 8 ,  3670441
,Output Bool, 2 ,  22598504
,Signal Boolean, 8 ,  4198524
,Output Bool, 2 ,  7822768
,Signal Boolean, 8 ,  2943744
,Output Bool, 2 ,  7213857
,Signal Boolean, 8 ,  5536471
,NavigatorButton, 1 ,  1054077
,NavigatorButton, 1 ,  709256
,Input Bool writeable, 2 ,  5286822
,Signal Boolean, 8 ,  4673072
,Input Bool writeable, 2 ,  4949915
,Signal Boolean, 8 ,  3764890
,Input Bool writeable, 2 ,  4390982
,Signal Boolean, 8 ,  4996843
,Input Bool writeable, 2 ,  5724347
,Signal Boolean, 8 ,  5541561
,Input Bool writeable, 2 ,  3392183
,Signal Boolean, 8 ,  2922359
,Input Bool writeable, 2 ,  5863085
,Signal Boolean, 8 ,  2948989
,Input Bool writeable, 2 ,  3979958
,Signal Boolean, 8 ,  2677225
,Input Bool writeable, 2 ,  4336905
,Signal Boolean, 8 ,  4965451
,Input Bool writeable, 2 ,  5086865
,Signal Boolean, 8 ,  4928314
,Input Bool writeable, 2 ,  4892937
,Signal Boolean, 8 ,  4066863
,Input Bool writeable, 2 ,  4891588
,Signal Boolean, 8 ,  4409485
,Input Bool writeable, 2 ,  5165735
,Signal Boolean, 8 ,  4866568
,Input Bool writeable, 2 ,  4125589
,Signal Boolean, 8 ,  4610065
,Input Bool writeable, 2 ,  5587749
,Signal Boolean, 8 ,  4552125
,Input Bool writeable, 2 ,  4678014
,Signal Boolean, 8 ,  5045635
,Input Bool writeable, 2 ,  5337692
,Signal Boolean, 8 ,  4205740
,Output Bool, 2 ,  7475661
,Signal Boolean, 8 ,  4309740
,Output Bool, 2 ,  6553066
,Signal Boolean, 8 ,  4116150
,Output Bool, 2 ,  7633249
,Signal Boolean, 8 ,  4889867
,Output Bool, 2 ,  9471762
,Signal Boolean, 8 ,  3779146
,Output Bool, 2 ,  7444525
,Signal Boolean, 8 ,  4666231
,Output Bool, 2 ,  8216908
,Signal Boolean, 8 ,  4558933
,Output Bool, 2 ,  7786718
,Signal Boolean, 8 ,  4177296
,Output Bool, 2 ,  7675731
,Signal Boolean, 8 ,  3802711
,Output Bool, 2 ,  7451644
,Signal Boolean, 8 ,  4169175
,Output Bool, 2 ,  7602158
,Signal Boolean, 8 ,  4564078
,Output Bool, 2 ,  7549307
,Signal Boolean, 8 ,  4669779
,Output Bool, 2 ,  6780745
,Signal Boolean, 8 ,  4297941
,Output Bool, 2 ,  7057120
,Signal Boolean, 8 ,  4093788
,NavigatorButton, 1 ,  2308958
,NavigatorButton, 1 ,  1131361
,NavigatorButton, 1 ,  693038
,NavigatorButton, 1 ,  680043
,NavigatorButton, 1 ,  1312627
,NavigatorButton, 1 ,  1024857
,NavigatorButton, 1 ,  1002332
,FunctionButton, 2 ,  3158984
,UA Items (FunctionInterface), 22 ,  2027086
,FunctionButton, 2 ,  3503605
,UA Items (FunctionInterface), 22 ,  2049680
,VIObject Container Rectangle, 1 ,  303375
,LibraryComponent, 5 ,  1243541
,VIObject Container Rectangle, 1 ,  395778
,LibraryComponent, 5 ,  1683859
,VIObject Container Rectangle, 1 ,  301353
,LibraryComponent, 4 ,  1459330
,VIObject Container Rectangle, 1 ,  203120
,LibraryComponent, 5 ,  1798654
,VIObject Container Rectangle, 1 ,  292913
,LibraryComponent, 5 ,  1661071
,VIObject Container Rectangle, 1 ,  202913
,LibraryComponent, 5 ,  1810324
,NavigatorButton, 1 ,  1053892
,NavigatorButton, 1 ,  1070520
,NavigatorButton, 1 ,  1054397
,NavigatorButton, 1 ,  1339956
,Input Bool writeable, 2 ,  4246667
,Signal Boolean, 8 ,  4204642
,Output Bool, 2 ,  7805307
,Signal Boolean, 8 ,  4138449
,Output Bool, 2 ,  8260317
,Signal Boolean, 8 ,  4609403
,Output Bool, 2 ,  7776107
,Signal Boolean, 8 ,  4207352
,NavigatorButton, 1 ,  1122515
,NavigatorButton, 1 ,  1097101
,FunctionButton, 2 ,  3271256
,UA Items (FunctionInterface), 21 ,  2074688
,Input Bool writeable, 2 ,  4900095
,Signal Boolean, 8 ,  4805020
,Output Bool, 2 ,  7848485
,Signal Boolean, 8 ,  4195590
,Output Bool, 2 ,  8181728
,Signal Boolean, 8 ,  4380839
,Output Bool, 2 ,  7442398
,Signal Boolean, 8 ,  4835594
,Output Bool, 2 ,  7883183
,Signal Boolean, 8 ,  5206088
,NavigatorButton, 1 ,  1138253
,NavigatorButton, 1 ,  1038124
,NavigatorButton, 1 ,  1024248
,NavigatorButton, 1 ,  1065030
,Output Bool, 2 ,  8155887
,Signal Boolean, 8 ,  4674284
,NavigatorButton, 1 ,  1005373
,NavigatorButton, 1 ,  1147419
,NavigatorButton, 1 ,  1078200
,VIObject Container Rectangle, 1 ,  267748
,LibraryComponent, 4 ,  1469318
,NavigatorButton, 1 ,  817939
,NavigatorButton, 1 ,  1651620
,Input Bool writeable, 2 ,  4884353
,Signal Boolean, 8 ,  4513867
,Input Bool writeable, 2 ,  5369973
,Signal Boolean, 8 ,  4954968
,Input Bool writeable, 2 ,  5454697
,Signal Boolean, 8 ,  4788424
,Input Bool writeable, 2 ,  4581562
,Signal Boolean, 8 ,  4464213
,Input Bool writeable, 2 ,  5109994
,Signal Boolean, 8 ,  4495852
,Input Bool writeable, 2 ,  4870116
,Signal Boolean, 8 ,  4307487
,Input Bool writeable, 2 ,  5656380
,Signal Boolean, 8 ,  3109801
,Input Bool writeable, 2 ,  5211565
,Signal Boolean, 8 ,  4255075
,Input Bool writeable, 2 ,  5313355
,Signal Boolean, 8 ,  4101818
,Input Bool writeable, 2 ,  5198587
,Signal Boolean, 8 ,  3312288
,Input Bool writeable, 2 ,  5190098
,Signal Boolean, 8 ,  5200356
,Input Bool writeable, 2 ,  3876668
,Signal Boolean, 8 ,  4830185
,Input Bool writeable, 2 ,  4534970
,Signal Boolean, 8 ,  4754016
,Input Bool writeable, 2 ,  5586282
,Signal Boolean, 8 ,  5307747
,Input Bool writeable, 2 ,  4548138
,Signal Boolean, 8 ,  4546272
,Input Bool writeable, 2 ,  21671400
,Signal Boolean, 8 ,  3165516
,Input Bool writeable, 2 ,  3947148
,Signal Boolean, 8 ,  4837473
,Input Bool writeable, 2 ,  4970885
,Signal Boolean, 8 ,  4385937
,Input Bool writeable, 2 ,  4455500
,Signal Boolean, 8 ,  4180498
,Input Bool writeable, 2 ,  4716427
,Signal Boolean, 8 ,  4184750
,Input Bool writeable, 2 ,  3803135
,Signal Boolean, 8 ,  4264633
,Input Bool writeable, 2 ,  4259468
,Signal Boolean, 8 ,  4334306
,Input Bool writeable, 2 ,  4956188
,Signal Boolean, 8 ,  4508001
,Input Bool writeable, 2 ,  4928922
,Signal Boolean, 8 ,  4615145
,Input Bool writeable, 2 ,  5086306
,Signal Boolean, 8 ,  4198168
,Input Bool writeable, 2 ,  5505927
,Signal Boolean, 8 ,  4790141
,Input Bool writeable, 2 ,  4470703
,Signal Boolean, 8 ,  4026841
,Input Bool writeable, 2 ,  5897142
,Signal Boolean, 8 ,  4491627
,Input Bool writeable, 2 ,  5381440
,Signal Boolean, 8 ,  3871693
,Input Bool writeable, 2 ,  5456059
,Signal Boolean, 8 ,  5337138
,Input Bool writeable, 2 ,  4495651
,Signal Boolean, 8 ,  4901001
,Output Bool, 2 ,  8165865
,Signal Boolean, 8 ,  4490777
,Output Bool, 2 ,  8093519
,Signal Boolean, 8 ,  4341799
,Output Bool, 2 ,  7974134
,Signal Boolean, 8 ,  3969847
,Output Bool, 2 ,  7206432
,Signal Boolean, 8 ,  4067974
,Output Bool, 2 ,  7558748
,Signal Boolean, 8 ,  3175282
,Output Bool, 2 ,  7125920
,Signal Boolean, 8 ,  4558349
,Output Bool, 2 ,  8105839
,Signal Boolean, 8 ,  4336733
,Output Bool, 2 ,  8650668
,Signal Boolean, 8 ,  3652303
,Output Bool, 2 ,  7784241
,Signal Boolean, 8 ,  4726948
,Output Bool, 2 ,  7413890
,Signal Boolean, 8 ,  5003307
,Output Bool, 2 ,  7428174
,Signal Boolean, 8 ,  4843233
,Output Bool, 2 ,  7089625
,Signal Boolean, 8 ,  4144992
,Output Bool, 2 ,  7540730
,Signal Boolean, 8 ,  4344709
,Output Bool, 2 ,  8463853
,Signal Boolean, 8 ,  4420936
,Output Bool, 2 ,  6456816
,Signal Boolean, 8 ,  4839453
,Output Bool, 2 ,  28170742
,Signal Boolean, 8 ,  4512291
,Output Bool, 2 ,  7960818
,Signal Boolean, 8 ,  5071722
,Output Bool, 2 ,  7938579
,Signal Boolean, 8 ,  3919203
,Output Bool, 2 ,  7268548
,Signal Boolean, 8 ,  4786042
,Output Bool, 2 ,  8872296
,Signal Boolean, 8 ,  4381993
,Output Bool, 2 ,  8045178
,Signal Boolean, 8 ,  3471931
,Output Bool, 2 ,  7142143
,Signal Boolean, 8 ,  5458060
,Output Bool, 2 ,  7517597
,Signal Boolean, 8 ,  4359866
,NavigatorButton, 1 ,  1116731
,NavigatorButton, 1 ,  1069184
,Output Bool, 2 ,  7440008
,Signal Boolean, 8 ,  4665051
,NavigatorButton, 1 ,  1404407
,NavigatorButton, 1 ,  1050079
,NavigatorButton, 1 ,  1045965
,VIObject Container Rectangle, 1 ,  251830
,LibraryComponent, 4 ,  1434919
,NavigatorButton, 1 ,  1113635
,NavigatorButton, 1 ,  1094675
,FunctionButton, 2 ,  2770422
,UA Items (FunctionInterface), 21 ,  1838282
,Input Bool writeable, 2 ,  4697268
,Signal Boolean, 8 ,  4145536
,Output Bool, 2 ,  8816972
,Signal Boolean, 8 ,  4221727
,Output Bool, 2 ,  7497544
,Signal Boolean, 8 ,  5027806
,Output Bool, 2 ,  7350633
,Signal Boolean, 8 ,  4761098
,Output Bool, 2 ,  7840206
,Signal Boolean, 8 ,  4048947
,NavigatorButton, 1 ,  784420
,NavigatorButton, 1 ,  600782
,Output Bool, 2 ,  7432163
,Signal Boolean, 8 ,  3692852
,NavigatorButton, 1 ,  917990
,NavigatorButton, 1 ,  829494
,NavigatorButton, 1 ,  1035907
,VIObject Container Rectangle, 1 ,  288484
,LibraryComponent, 4 ,  1500646
,NavigatorButton, 1 ,  676452
,NavigatorButton, 1 ,  1354055
,Output Bool, 2 ,  8081833
,Signal Boolean, 8 ,  4506700
,NavigatorButton, 1 ,  758698
,NavigatorButton, 1 ,  1733553
,NavigatorButton, 1 ,  1111161
,VIObject Container Rectangle, 1 ,  292529
,LibraryComponent, 4 ,  1344204
,NavigatorButton, 1 ,  626178
,NavigatorButton, 1 ,  789304
,Output Bool, 2 ,  8504145
,Signal Boolean, 8 ,  4028570
,NavigatorButton, 1 ,  1254018
,NavigatorButton, 1 ,  648796
,NavigatorButton, 1 ,  1193056
,VIObject Container Rectangle, 1 ,  266317
,LibraryComponent, 4 ,  2341424
,NavigatorButton, 1 ,  1097582
,NavigatorButton, 1 ,  828830
,NavigatorButton, 1 ,  1089511
,NavigatorButton, 1 ,  1089363
,NavigatorButton, 1 ,  1080265
,NavigatorButton, 1 ,  1034321
,NavigatorButton, 1 ,  1100249
,NavigatorButton, 1 ,  632365
,NavigatorButton, 1 ,  1219592
,NavigatorButton, 1 ,  1079656
,NavigatorButton, 1 ,  1044555
,NavigatorButton, 1 ,  1027241
,FunctionButton, 2 ,  3873402
,UA Items (FunctionInterface), 22 ,  2057125
,FunctionButton, 2 ,  3552174
,UA Items (FunctionInterface), 22 ,  2047187
,VIObject Container Rectangle, 1 ,  235299
,LibraryComponent, 5 ,  2452232
,VIObject Container Rectangle, 1 ,  281923
,LibraryComponent, 5 ,  1749021
,VIObject Container Rectangle, 1 ,  238134
,LibraryComponent, 5 ,  1734668
,VIObject Container Rectangle, 1 ,  336194
,LibraryComponent, 5 ,  1704232
,VIObject Container Rectangle, 1 ,  302892
,LibraryComponent, 5 ,  1709027
,VIObject Container Rectangle, 1 ,  199237
,LibraryComponent, 5 ,  1090937
,VIObject Container Rectangle, 1 ,  885333
,LibraryComponent, 5 ,  2230490
,VIObject Container Rectangle, 1 ,  288017
,LibraryComponent, 5 ,  1728437
,VIObject Container Rectangle, 1 ,  275791
,LibraryComponent, 5 ,  1797789
,VIObject Container Rectangle, 1 ,  226162
,LibraryComponent, 5 ,  1744251
,VIObject Container Rectangle, 1 ,  184156
,LibraryComponent, 4 ,  1065549
,NavigatorButton, 1 ,  2128632
,NavigatorButton, 1 ,  1073611
,Output Bool, 2 ,  8112564
,Signal Boolean, 8 ,  3848362
,NavigatorButton, 1 ,  1040016
,NavigatorButton, 1 ,  1016413
,VIObject Container Rectangle, 1 ,  257856
,LibraryComponent, 5 ,  2197783
,NavigatorButton, 1 ,  1081436
,NavigatorButton, 1 ,  1007373
,NavigatorButton, 1 ,  959921
,NavigatorButton, 1 ,  976461
,NavigatorButton, 1 ,  1164458
,NavigatorButton, 1 ,  948443
,FunctionButton, 2 ,  3598159
,UA Items (FunctionInterface), 21 ,  1688012
,FunctionButton, 2 ,  3630408
,UA Items (FunctionInterface), 21 ,  1623979
,FunctionButton, 2 ,  3090446
,UA Items (FunctionInterface), 21 ,  20321634
,FunctionButton, 2 ,  3243795
,UA Items (FunctionInterface), 21 ,  1918320
,FunctionButton, 2 ,  2992825
,UA Items (FunctionInterface), 21 ,  1322834
,FunctionButton, 2 ,  3529201
,UA Items (FunctionInterface), 21 ,  2010546
,VIObject Container Rectangle, 1 ,  299520
,MatFlow, 3 ,  1518133
,Stopper, 7 ,  14023770
,Signal  Integer, 8 ,  4557504
,Signal  Integer, 8 ,  3990930
,Signal String, 8 ,  3239000
,Signal  Integer, 8 ,  2379426
,Signal  Integer, 8 ,  3556105
,Signal String, 8 ,  3738075
,Stopper, 7 ,  16667808
,Signal  Integer, 8 ,  7519266
,Signal  Integer, 8 ,  3425774
,Signal String, 8 ,  2657646
,Signal  Integer, 8 ,  1970966
,Signal  Integer, 8 ,  2101492
,Signal String, 8 ,  3368989
,Stopper, 7 ,  10498979
,Signal  Integer, 8 ,  4124360
,Signal  Integer, 8 ,  3378776
,Signal String, 8 ,  3339665
,Stopper, 7 ,  25646411
,Signal  Integer, 8 ,  8507819
,Signal  Integer, 8 ,  1895463
,Signal String, 8 ,  2036411
,Signal  Integer, 8 ,  1896235
,Signal  Integer, 8 ,  1948006
,Signal String, 8 ,  2518212
,Signal  Integer, 8 ,  1932167
,Signal  Integer, 8 ,  1885877
,Signal String, 8 ,  1868639
,Signal  Integer, 8 ,  1909881
,Signal  Integer, 8 ,  2167150
,Signal String, 8 ,  2139337
,Stopper, 7 ,  17550012
,Signal  Integer, 8 ,  8789585
,Signal  Integer, 8 ,  2184438
,Signal String, 8 ,  4361886
,Signal  Integer, 8 ,  3307270
,Signal  Integer, 8 ,  2714102
,Signal String, 8 ,  3635552
,Signal  Integer, 8 ,  3322313
,Signal  Integer, 8 ,  3382240
,Signal String, 8 ,  2879695
,Stopper, 7 ,  9690948
,Signal  Integer, 8 ,  5159726
,Signal  Integer, 8 ,  2793913
,Signal String, 8 ,  3705993
,Stopper, 7 ,  9991851
,Signal  Integer, 8 ,  5095065
,Signal  Integer, 8 ,  3113308
,Signal String, 8 ,  2698371
,Stopper, 7 ,  39762770
,Signal  Integer, 8 ,  5772077
,Signal  Integer, 8 ,  1979684
,Signal String, 8 ,  1908338
,Signal  Integer, 8 ,  2339288
,Signal  Integer, 8 ,  1963516
,Signal String, 8 ,  2083613
,Signal  Integer, 8 ,  1942670
,Signal  Integer, 8 ,  1946312
,Signal String, 8 ,  1953765
,Stopper, 7 ,  9315631
,Signal  Integer, 8 ,  4396080
,Signal  Integer, 8 ,  3840713
,Signal String, 8 ,  2110439
,Stopper, 7 ,  14541222
,Signal  Integer, 8 ,  4491869
,Signal  Integer, 8 ,  2080999
,Signal String, 8 ,  1842774
,Signal  Integer, 8 ,  1917358
,Signal  Integer, 8 ,  2357869
,Signal String, 8 ,  1988869
,Stopper, 7 ,  24594991
,Signal  Integer, 8 ,  7050306
,Signal  Integer, 8 ,  1974464
,Signal String, 8 ,  2070582
,Signal  Integer, 8 ,  1866734
,Signal  Integer, 8 ,  3200642
,Signal String, 8 ,  3837521
,Signal  Integer, 8 ,  2674003
,Signal  Integer, 8 ,  2458334
,Signal String, 8 ,  2583998
,Signal  Integer, 8 ,  3566128
,Signal  Integer, 8 ,  3568666
,Signal String, 8 ,  3307206
,Stopper, 7 ,  16598163
,Signal  Integer, 8 ,  4607363
,Signal  Integer, 8 ,  2259157
,Signal String, 8 ,  1896922
,Signal  Integer, 8 ,  2047488
,Signal  Integer, 8 ,  1863695
,Signal String, 8 ,  1885942
,Stopper, 7 ,  6916512
,Signal  Integer, 8 ,  3241886
,Signal  Integer, 8 ,  2066870
,Signal String, 8 ,  2557411
,Stopper, 7 ,  11090703
,Signal  Integer, 8 ,  6322749
,Signal  Integer, 8 ,  3419588
,Signal String, 8 ,  4295192
,Stopper, 7 ,  49408996
,Signal  Integer, 8 ,  13935918
,Signal  Integer, 8 ,  2920942
,Signal String, 8 ,  3371208
,Signal  Integer, 8 ,  2957896
,Signal  Integer, 8 ,  3396869
,Signal String, 8 ,  3218247
,Signal  Integer, 8 ,  3046767
,Signal  Integer, 8 ,  3448177
,Signal String, 8 ,  2890334
,Signal  Integer, 8 ,  3764370
,Signal  Integer, 8 ,  3325788
,Signal String, 8 ,  2739712
,Signal  Integer, 8 ,  3406805
,Signal  Integer, 8 ,  3542588
,Signal String, 8 ,  3180837
,Signal  Integer, 8 ,  2943787
,Signal  Integer, 8 ,  2681832
,Signal String, 8 ,  3774750
,Stopper, 7 ,  38559876
,Signal  Integer, 8 ,  12183793
,Signal  Integer, 8 ,  2534878
,Signal String, 8 ,  3694690
,Signal  Integer, 8 ,  2834082
,Signal  Integer, 8 ,  1925757
,Signal String, 8 ,  2532945
,Signal  Integer, 8 ,  3107587
,Signal  Integer, 8 ,  3315861
,Signal String, 8 ,  3321427
,Signal  Integer, 8 ,  3315459
,Signal  Integer, 8 ,  3249518
,Signal String, 8 ,  3241698
,Signal  Integer, 8 ,  4077756
,Signal  Integer, 8 ,  3332175
,Signal String, 8 ,  2925409
,Signal  Integer, 8 ,  3050689
,Signal  Integer, 8 ,  3882508
,Signal String, 8 ,  2529366
,Stopper, 7 ,  44897039
,Signal  Integer, 8 ,  15147798
,Signal  Integer, 8 ,  3658218
,Signal String, 8 ,  2757439
,Signal  Integer, 8 ,  2934854
,Signal  Integer, 8 ,  3495997
,Signal String, 8 ,  3403157
,Signal  Integer, 8 ,  3665487
,Signal  Integer, 8 ,  2967085
,Signal String, 8 ,  2477268
,Signal  Integer, 8 ,  2803209
,Signal  Integer, 8 ,  3717409
,Signal String, 8 ,  3035629
,Signal  Integer, 8 ,  2518581
,Signal  Integer, 8 ,  2997978
,Signal String, 8 ,  3786006
,Signal  Integer, 8 ,  3013166
,Signal  Integer, 8 ,  3335205
,Signal String, 8 ,  3075757
,Signal  Integer, 8 ,  2929412
,Signal  Integer, 8 ,  3985576
,Signal String, 8 ,  2922958
,Signal  Integer, 8 ,  3359543
,Signal  Integer, 8 ,  3086759
,Signal String, 8 ,  3403179
,Stopper, 7 ,  19491614
,Signal  Integer, 8 ,  9849305
,Signal  Integer, 8 ,  3858470
,Signal String, 8 ,  2346116
,Signal  Integer, 8 ,  3779636
,Signal  Integer, 8 ,  2088693
,Signal String, 8 ,  2642936
,Signal  Integer, 8 ,  3636469
,Signal  Integer, 8 ,  2705690
,Signal String, 8 ,  4059934
,Stopper, 7 ,  9523801
,Signal  Integer, 8 ,  5111001
,Signal  Integer, 8 ,  3080363
,Signal String, 8 ,  2990004
,Stopper, 7 ,  15193031
,Signal  Integer, 8 ,  6885976
,Signal  Integer, 8 ,  3591872
,Signal String, 8 ,  2376344
,Signal  Integer, 8 ,  4192646
,Signal  Integer, 8 ,  2826858
,Signal String, 8 ,  3274552
,Stopper, 7 ,  30829187
,Signal  Integer, 8 ,  11882957
,Signal  Integer, 8 ,  2574725
,Signal String, 8 ,  3365028
,Signal  Integer, 8 ,  2316373
,Signal  Integer, 8 ,  3564932
,Signal String, 8 ,  3355513
,Signal  Integer, 8 ,  2809760
,Signal  Integer, 8 ,  3451136
,Signal String, 8 ,  2179386
,Signal  Integer, 8 ,  4097897
,Signal  Integer, 8 ,  2563790
,Signal String, 8 ,  3398928
,Signal  Integer, 8 ,  2987518
,Signal  Integer, 8 ,  3576717
,Signal String, 8 ,  2112668
,Stopper, 7 ,  50644063
,Signal  Integer, 8 ,  13484347
,Signal  Integer, 8 ,  1883028
,Signal String, 8 ,  2000844
,Signal  Integer, 8 ,  2412180
,Signal  Integer, 8 ,  2300026
,Signal String, 8 ,  2388631
,Signal  Integer, 8 ,  2909918
,Signal  Integer, 8 ,  3236799
,Signal String, 8 ,  4510975
,Signal  Integer, 8 ,  3390212
,Signal  Integer, 8 ,  2920226
,Signal String, 8 ,  3264042
,Signal  Integer, 8 ,  2985731
,Signal  Integer, 8 ,  2836885
,Signal String, 8 ,  3265352
,Signal  Integer, 8 ,  2992888
,Signal  Integer, 8 ,  3093046
,Signal String, 8 ,  3822104
,Stopper, 7 ,  23671615
,Signal  Integer, 8 ,  9744721
,Signal  Integer, 8 ,  2642791
,Signal String, 8 ,  3496916
,Signal  Integer, 8 ,  3488395
,Signal  Integer, 8 ,  3494574
,Signal String, 8 ,  2359760
,Signal  Integer, 8 ,  3659944
,Signal  Integer, 8 ,  2151415
,Signal String, 8 ,  3240155
,Signal  Integer, 8 ,  2970132
,Signal  Integer, 8 ,  2303309
,Signal String, 8 ,  2828815
,Stopper, 7 ,  7718669
,Signal  Integer, 8 ,  5767611
,Signal  Integer, 8 ,  2526058
,Signal String, 8 ,  3436877
,Stopper, 7 ,  19401342
,Signal  Integer, 8 ,  10456566
,Signal  Integer, 8 ,  2075575
,Signal String, 8 ,  2990753
,Signal  Integer, 8 ,  2830184
,Signal  Integer, 8 ,  3610590
,Signal String, 8 ,  3225298
,Signal  Integer, 8 ,  2094248
,Signal  Integer, 8 ,  3487372
,Signal String, 8 ,  2876201
,Stopper, 7 ,  41999364
,Signal  Integer, 8 ,  28137437
,Signal  Integer, 8 ,  2017708
,Signal String, 8 ,  1976967
,Signal  Integer, 8 ,  1889594
,Signal  Integer, 8 ,  1901735
,Signal String, 8 ,  2134482
,Signal  Integer, 8 ,  1887207
,Signal  Integer, 8 ,  1935796
,Signal String, 8 ,  2995708
,Signal  Integer, 8 ,  3293978
,Signal  Integer, 8 ,  3220404
,Signal String, 8 ,  3062683
,Signal  Integer, 8 ,  2555561
,Signal  Integer, 8 ,  3831864
,Signal String, 8 ,  3191463
,Signal  Integer, 8 ,  3303995
,Signal  Integer, 8 ,  3141802
,Signal String, 8 ,  3279535
,Stopper, 7 ,  36672600
,Signal  Integer, 8 ,  13200322
,Signal  Integer, 8 ,  1933750
,Signal String, 8 ,  1898473
,Signal  Integer, 8 ,  2058411
,Signal  Integer, 8 ,  1913340
,Signal String, 8 ,  1854056
,Signal  Integer, 8 ,  2053230
,Signal  Integer, 8 ,  2466720
,Signal String, 8 ,  1850712
,Signal  Integer, 8 ,  1960454
,Signal  Integer, 8 ,  2025954
,Signal String, 8 ,  1851001
,Signal  Integer, 8 ,  1942447
,Signal  Integer, 8 ,  2043312
,Signal String, 8 ,  2441482
,Signal  Integer, 8 ,  3842654
,Signal  Integer, 8 ,  3098676
,Signal String, 8 ,  2654053
,Fork and Merge, 6 ,  1271409
,Fork and Merge, 6 ,  2121052
,Fork and Merge, 6 ,  1789518
,Fork and Merge, 6 ,  2017730
,Fork and Merge, 6 ,  1347716
,Fork and Merge, 6 ,  2101983
,Fork and Merge, 6 ,  1875246
,Fork and Merge, 6 ,  1402566
,Fork and Merge, 6 ,  1627896
,Fork and Merge, 6 ,  1694477
,Fork and Merge, 6 ,  1654760
,Fork and Merge, 6 ,  1766668
,ConveyorCorner, 8 ,  2613045
,ConveyorCorner, 8 ,  2356476
,ConveyorCorner, 8 ,  1968886
,ConveyorCorner, 8 ,  2138998
,ConveyorCorner, 8 ,  2151984
,ConveyorCorner, 8 ,  1603419
,ConveyorCorner, 8 ,  2450478
,ConveyorCorner, 8 ,  2236053
,ConveyorCorner, 8 ,  1299303
,ConveyorCorner, 8 ,  2397465
,ConveyorCorner, 8 ,  2169273
,ConveyorCorner, 8 ,  1721718
,ConveyorCorner, 8 ,  2163886
,ConveyorCorner, 8 ,  1454913
,ConveyorCorner, 8 ,  1925912
,ConveyorCorner, 8 ,  2212411
,ConveyorCorner, 8 ,  2150277
,ConveyorCorner, 8 ,  1594788
,Stopper, 7 ,  29128064
,Signal  Integer, 8 ,  9584485
,Signal  Integer, 8 ,  2993306
,Signal String, 8 ,  3435905
,Signal  Integer, 8 ,  2925202
,Signal  Integer, 8 ,  3395963
,Signal String, 8 ,  2827190
,Signal  Integer, 8 ,  3835758
,Signal  Integer, 8 ,  2730074
,Signal String, 8 ,  3284784
,Signal  Integer, 8 ,  2999530
,Signal  Integer, 8 ,  3361641
,Signal String, 8 ,  3483751
,ConveyorCorner, 8 ,  1968105
,VIObject Container Rectangle, 1 ,  155842
,ConveyorStraight, 8 ,  2537530
,VIObject Container Rectangle, 1 ,  15316542
,ConveyorStraight, 8 ,  1781563
,VIObject Container Rectangle, 1 ,  155411
,ConveyorStraight, 8 ,  2238587
,VIObject Container Rectangle, 1 ,  155083
,ConveyorStraight, 8 ,  2046619
,VIObject Container Rectangle, 1 ,  165203
,ConveyorStraight, 8 ,  1825311
,VIObject Container Rectangle, 1 ,  163968
,ConveyorStraight, 8 ,  2110184
,VIObject Container Rectangle, 1 ,  162406
,ConveyorStraight, 8 ,  2474171
,VIObject Container Rectangle, 1 ,  273514
,ConveyorStraight, 8 ,  4032132
,VIObject Container Rectangle, 1 ,  253870
,ConveyorStraight, 8 ,  1804413
,VIObject Container Rectangle, 1 ,  161388
,ConveyorStraight, 8 ,  1899676
,VIObject Container Rectangle, 1 ,  266741
,ConveyorStraight, 8 ,  2831288
,VIObject Container Rectangle, 1 ,  159745
,ConveyorStraight, 8 ,  1928787
,VIObject Container Rectangle, 1 ,  159882
,ConveyorStraight, 8 ,  1807833
,VIObject Container Rectangle, 1 ,  221836
,ConveyorStraight, 8 ,  2079545
,VIObject Container Rectangle, 1 ,  155111
,ConveyorStraight, 8 ,  2237324
,VIObject Container Rectangle, 1 ,  160557
,ConveyorStraight, 8 ,  1788666
,VIObject Container Rectangle, 1 ,  173224
,ConveyorStraight, 8 ,  1827185
,VIObject Container Rectangle, 1 ,  303885
,ConveyorStraight, 8 ,  2215388
,VIObject Container Rectangle, 1 ,  154934
,ConveyorStraight, 8 ,  1890893
,VIObject Container Rectangle, 1 ,  158781
,ConveyorStraight, 8 ,  1785495
,VIObject Container Rectangle, 1 ,  171964
,ConveyorStraight, 8 ,  2040422
,VIObject Container Rectangle, 1 ,  155156
,ConveyorStraight, 8 ,  3054808
,VIObject Container Rectangle, 1 ,  255556
,ConveyorStraight, 8 ,  4106588
,VIObject Container Rectangle, 1 ,  306860
,ConveyorStraight, 8 ,  3020964
,VIObject Container Rectangle, 1 ,  257334
,ConveyorStraight, 8 ,  3028605
,VIObject Container Rectangle, 1 ,  274385
,ConveyorStraight, 8 ,  3028200
,VIObject Container Rectangle, 1 ,  255869
,ConveyorStraight, 8 ,  3070340
,VIObject Container Rectangle, 1 ,  387084
,ConveyorStraight, 8 ,  3243217
,VIObject Container Rectangle, 1 ,  248486
,ConveyorStraight, 8 ,  2837655
,VIObject Container Rectangle, 1 ,  256079
,ConveyorStraight, 8 ,  2943861
,VIObject Container Rectangle, 1 ,  258400
,ConveyorStraight, 8 ,  3003971
,VIObject Container Rectangle, 1 ,  251948
,ConveyorStraight, 8 ,  2813408
,VIObject Container Rectangle, 1 ,  261545
,ConveyorStraight, 8 ,  3644572
,VIObject Container Rectangle, 1 ,  263574
,ConveyorStraight, 8 ,  3013228
,VIObject Container Rectangle, 1 ,  283913
,ConveyorStraight, 8 ,  4070611
,VIObject Container Rectangle, 1 ,  257015
,ConveyorStraight, 8 ,  2639016
,VIObject Container Rectangle, 1 ,  172188
,ConveyorStraight, 8 ,  3196951
,VIObject Container Rectangle, 1 ,  262967
,ConveyorStraight, 8 ,  3034416
,VIObject Container Rectangle, 1 ,  240855
,ConveyorStraight, 8 ,  3273477
,VIObject Container Rectangle, 1 ,  242133
,ConveyorStraight, 8 ,  2908936
,VIObject Container Rectangle, 1 ,  263092
,ConveyorStraight, 8 ,  2991318
,VIObject Container Rectangle, 1 ,  259956
,ConveyorStraight, 8 ,  3138217
,VIObject Container Rectangle, 1 ,  266639
,ConveyorStraight, 8 ,  3039024
,VIObject Container Rectangle, 1 ,  245371
,ConveyorStraight, 8 ,  3789469
,VIObject Container Rectangle, 1 ,  260303
,ConveyorStraight, 8 ,  2325528
,VIObject Container Rectangle, 1 ,  289983
,ConveyorStraight, 8 ,  3329198
,VIObject Container Rectangle, 1 ,  253858
,ConveyorStraight, 8 ,  2409954
,VIObject Container Rectangle, 1 ,  266091
,ConveyorStraight, 8 ,  3100890
,VIObject Container Rectangle, 1 ,  262768
,ConveyorStraight, 8 ,  3673030
,VIObject Container Rectangle, 1 ,  315362
,ConveyorStraight, 8 ,  3373814
,VIObject Container Rectangle, 1 ,  261662
,ConveyorStraight, 8 ,  3588595
,VIObject Container Rectangle, 1 ,  288035
,ConveyorStraight, 8 ,  3092786
,VIObject Container Rectangle, 1 ,  259682
,ConveyorStraight, 8 ,  2992798
,VIObject Container Rectangle, 1 ,  254828
,ConveyorStraight, 8 ,  3870144
,VIObject Container Rectangle, 1 ,  257502
,ConveyorStraight, 8 ,  3671819
,VIObject Container Rectangle, 1 ,  230374
,ConveyorStraight, 8 ,  2749883
,VIObject Container Rectangle, 1 ,  251794
,ConveyorStraight, 8 ,  3043205
,VIObject Container Rectangle, 1 ,  278120
,ConveyorStraight, 8 ,  3103486
,VIObject Container Rectangle, 1 ,  247674
,ConveyorStraight, 8 ,  3615882
,VIObject Container Rectangle, 1 ,  270025
,ConveyorStraight, 8 ,  3684737
,VIObject Container Rectangle, 1 ,  236783
,ConveyorStraight, 8 ,  3151561
,VIObject Container Rectangle, 1 ,  268842
,ConveyorStraight, 8 ,  3247393
,VIObject Container Rectangle, 1 ,  264116
,ConveyorStraight, 8 ,  4086800
,VIObject Container Rectangle, 1 ,  304906
,ConveyorStraight, 8 ,  3297442
,VIObject Container Rectangle, 1 ,  380249
,ConveyorStraight, 8 ,  3164553
,VIObject Container Rectangle, 1 ,  248556
,ConveyorStraight, 8 ,  2995129
,VIObject Container Rectangle, 1 ,  227076
,ConveyorStraight, 8 ,  2983556
,VIObject Container Rectangle, 1 ,  261913
,Station, 5 ,  1704692
,VIObject Container Rectangle, 1 ,  193921
,Station, 5 ,  1746557
,VIObject Container Rectangle, 1 ,  249129
,Station, 5 ,  3024525
,VIObject Container Rectangle, 1 ,  203673
,Station, 5 ,  1646809
,VIObject Container Rectangle, 1 ,  241958
,Station, 5 ,  1844091
,VIObject Container Rectangle, 1 ,  265475
,Station, 5 ,  1839994