,Movisa Template, 7 ,  536400
,Events, 1 ,  122773
,Events, 1 ,  58028
,Events, 1 ,  150870
,Events, 1 ,  54122
,Events, 1 ,  47181
,Events, 1 ,  43240
,Events, 1 ,  43500
,Events, 1 ,  42316
,Events, 1 ,  40156
,Events, 1 ,  46170
,Events, 1 ,  37727
,Events, 1 ,  39227
,Events, 1 ,  89225
,Events, 1 ,  58429
,Events, 1 ,  44712
,Events, 1 ,  51727
,Events, 1 ,  42657
,Events, 1 ,  44859
,Events, 1 ,  68728
,Events, 1 ,  71051
,Events, 1 ,  62480
,Events, 1 ,  54788
,Events, 1 ,  66005
,Events, 1 ,  48109
,Events, 1 ,  43473
,Events, 1 ,  44702
,Events, 1 ,  42519
,Events, 1 ,  69197
,Events, 1 ,  80472
,Events, 1 ,  60291
,Events, 1 ,  41840
,Events, 1 ,  41294
,Events, 1 ,  42512
,Events, 1 ,  45881
,Events, 1 ,  49726
,Events, 1 ,  49653
,Events, 1 ,  89192
,Events, 1 ,  83359
,Events, 1 ,  49046
,Events, 1 ,  61186
,Events, 1 ,  51660
,Events, 1 ,  69246
,Events, 1 ,  51255
,Events, 1 ,  62822
,Events, 1 ,  76537
,Events, 1 ,  57530
,Events, 1 ,  86163
,Events, 1 ,  60452
,Events, 1 ,  45465
,Events, 1 ,  94408
,Events, 1 ,  45321
,Events, 1 ,  45169
,Events, 1 ,  49062
,Events, 1 ,  49295
,Events, 1 ,  44295
,Events, 1 ,  51632
,Events, 1 ,  47264
,Events, 1 ,  45322
,Events, 1 ,  41713
,States2Panels, 1 ,  113644
,Transitions, 1 ,  179533
,Transitions, 1 ,  311717
,Transitions, 1 ,  211679
,Transitions, 1 ,  264738
,Transitions, 1 ,  221518
,Transitions, 1 ,  219081
,States2Panels, 1 ,  98653
,Transitions, 1 ,  157390
,States2Panels, 1 ,  119367
,Transitions, 1 ,  357705
,States2Panels, 1 ,  115113
,Transitions, 1 ,  283029
,Transitions, 1 ,  208278
,Transitions, 1 ,  259721
,Transitions, 1 ,  167847
,Transitions, 1 ,  160438
,Transitions, 1 ,  243093
,Transitions, 1 ,  275855
,Transitions, 1 ,  158974
,Transitions, 1 ,  179542
,Transitions, 1 ,  158738
,Transitions, 1 ,  189546
,States2Panels, 1 ,  123122
,Transitions, 1 ,  205995
,States2Panels, 1 ,  114964
,Transitions, 1 ,  182921
,States2Panels, 1 ,  92237
,Transitions, 1 ,  214916
,States2Panels, 1 ,  86542
,Transitions, 1 ,  142718
,States2Panels, 1 ,  78725
,Transitions, 1 ,  136830
,States2Panels, 1 ,  281366
,Transitions, 1 ,  160298
,Transitions, 1 ,  145584
,States2Panels, 1 ,  83541
,Transitions, 1 ,  156130
,States2Panels, 1 ,  86174
,Transitions, 1 ,  140888
,Transitions, 1 ,  179152
,States2Panels, 1 ,  89389
,Transitions, 1 ,  145355
,States2Panels, 1 ,  86015
,Transitions, 1 ,  145488
,Transitions, 1 ,  145801
,States2Panels, 1 ,  86162
,Transitions, 1 ,  148405
,States2Panels, 1 ,  140447
,Transitions, 1 ,  148064
,Transitions, 1 ,  137915
,States2Panels, 1 ,  89833
,Transitions, 1 ,  167688
,States2Panels, 1 ,  83797
,Transitions, 1 ,  141017
,Transitions, 1 ,  139632
,States2Panels, 1 ,  84722
,Transitions, 1 ,  154308
,States2Panels, 1 ,  83933
,Transitions, 1 ,  150719
,States2Panels, 1 ,  126228
,Transitions, 1 ,  251389
,Transitions, 1 ,  279456
,Transitions, 1 ,  186383
,Transitions, 1 ,  151848
,Transitions, 1 ,  149183
,Transitions, 1 ,  213680
,States2Panels, 1 ,  154481
,Transitions, 1 ,  202480
,States2Panels, 1 ,  97449
,Transitions, 1 ,  173303
,States2Panels, 1 ,  122584
,Transitions, 1 ,  307463
,States2Panels, 1 ,  107270
,Transitions, 1 ,  230129
,Transitions, 1 ,  141878
,States2Panels, 1 ,  93337
,Transitions, 1 ,  176465
,States2Panels, 1 ,  175627
,Transitions, 1 ,  309619
,Transitions, 1 ,  259459
,States2Panels, 1 ,  95480
,Transitions, 1 ,  286220
,States2Panels, 1 ,  100695
,Transitions, 1 ,  150305
,Transitions, 1 ,  142423
,States2Panels, 1 ,  151878
,Transitions, 1 ,  649172
,States2Panels, 1 ,  123231
,Transitions, 1 ,  180648
,Transitions, 1 ,  195050
,Transitions, 1 ,  170449
,Transitions, 1 ,  616220
,Transitions, 1 ,  455651
,Transitions, 1 ,  286584
,States2Panels, 1 ,  107269
,Transitions, 1 ,  147674
,States2Panels, 1 ,  80331
,Transitions, 1 ,  240613
,States2Panels, 1 ,  159411
,Transitions, 1 ,  173802
,States2Panels, 1 ,  183643
,Transitions, 1 ,  202654
,Transitions, 1 ,  267749
,States2Panels, 1 ,  112830
,Transitions, 1 ,  213091
,States2Panels, 1 ,  138672
,Transitions, 1 ,  199201
,Transitions, 1 ,  134097
,States2Panels, 1 ,  82545
,Transitions, 1 ,  139780
,States2Panels, 1 ,  81812
,Transitions, 1 ,  137426
,Transitions, 1 ,  133719
,States2Panels, 1 ,  82241
,Transitions, 1 ,  135275
,States2Panels, 1 ,  79785
,Transitions, 1 ,  142832
,Transitions, 1 ,  144100
,Transitions, 1 ,  140070
,Transitions, 1 ,  138741
,Transitions, 1 ,  140816
,Transitions, 1 ,  138995
,Transitions, 1 ,  155432
,Transitions, 1 ,  155534
,Transitions, 1 ,  141553
,Transitions, 1 ,  137658
,Transitions, 1 ,  145701
,Transitions, 1 ,  131348
,Transitions, 1 ,  134239
,Transitions, 1 ,  138730
,Transitions, 1 ,  153396
,States2Panels, 1 ,  93906
,Transitions, 1 ,  144603
,States2Panels, 1 ,  90388
,Transitions, 1 ,  141247
,States2Panels, 1 ,  78775
,Transitions, 1 ,  133645
,States2Panels, 1 ,  81688
,Transitions, 1 ,  138046
,States2Panels, 1 ,  81904
,Transitions, 1 ,  141759
,States2Panels, 1 ,  79807
,Transitions, 1 ,  151370
,States2Panels, 1 ,  89467
,Transitions, 1 ,  154370
,States2Panels, 1 ,  87829
,Transitions, 1 ,  258828
,States2Panels, 1 ,  86545
,Transitions, 1 ,  252232
,States2Panels, 1 ,  163817
,Transitions, 1 ,  175424
,States2Panels, 1 ,  115297
,Transitions, 1 ,  171152
,States2Panels, 1 ,  168547
,Transitions, 1 ,  264300
,States2Panels, 1 ,  152629
,Transitions, 1 ,  231508
,States2Panels, 1 ,  159710
,Transitions, 1 ,  170870
,States2Panels, 1 ,  97185
,Transitions, 1 ,  153690
,States2Panels, 1 ,  76338
,Transitions, 1 ,  139995
,States2Panels, 1 ,  81930
,Transitions, 1 ,  135297
,NavigatorButton, 1 ,  764231
,NavigatorButton, 1 ,  665362
,Input Double readonly, 2 ,  6186567
,UA Items (SigInterface), 14 ,  5524790
,Input Double readonly, 2 ,  9098783
,UA Items (SigInterface), 14 ,  7014796
,Input Double readonly, 2 ,  5078206
,UA Items (SigInterface), 14 ,  5994092
,Input Double readonly, 2 ,  7235928
,UA Items (SigInterface), 14 ,  5940399
,Input Double readonly, 2 ,  6313848
,UA Items (SigInterface), 14 ,  6274739
,Input Double readonly, 2 ,  7110973
,UA Items (SigInterface), 14 ,  6059138
,Input Double readonly, 2 ,  6933483
,UA Items (SigInterface), 14 ,  6299492
,Input Double readonly, 2 ,  5594048
,UA Items (SigInterface), 14 ,  7040797
,Input Bool writeable, 2 ,  3711771
,UA Items (SigInterface), 14 ,  5182752
,Input Bool writeable, 2 ,  3522339
,UA Items (SigInterface), 14 ,  4850705
,Input Bool writeable, 2 ,  3482555
,UA Items (SigInterface), 14 ,  4891185
,Input Bool writeable, 2 ,  3588232
,UA Items (SigInterface), 14 ,  5061798
,Input Bool writeable, 2 ,  27039971
,UA Items (SigInterface), 14 ,  4573941
,Input Bool writeable, 2 ,  3140348
,UA Items (SigInterface), 14 ,  4588731
,Input Bool writeable, 2 ,  3140092
,UA Items (SigInterface), 14 ,  4557190
,Input Bool writeable, 2 ,  3154465
,UA Items (SigInterface), 14 ,  4566661
,Input Bool writeable, 2 ,  3132156
,UA Items (SigInterface), 14 ,  4553876
,Input Bool writeable, 2 ,  3135151
,UA Items (SigInterface), 14 ,  4546426
,Input Bool writeable, 2 ,  3174067
,UA Items (SigInterface), 14 ,  4583331
,Input Bool writeable, 2 ,  3139328
,UA Items (SigInterface), 14 ,  4552727
,Input Bool writeable, 2 ,  3151215
,UA Items (SigInterface), 14 ,  4562414
,Input Bool writeable, 2 ,  3153287
,UA Items (SigInterface), 14 ,  4578604
,Input Bool writeable, 2 ,  3144711
,UA Items (SigInterface), 14 ,  4600440
,Input Bool writeable, 2 ,  3138903
,UA Items (SigInterface), 14 ,  4556874
,Input Bool writeable, 2 ,  3145422
,UA Items (SigInterface), 14 ,  4725847
,Input Bool writeable, 2 ,  3404827
,UA Items (SigInterface), 14 ,  4896936
,Input Bool writeable, 2 ,  3390002
,UA Items (SigInterface), 14 ,  4539761
,Input Bool writeable, 2 ,  3118812
,UA Items (SigInterface), 14 ,  4648510
,Input Bool writeable, 2 ,  3810859
,UA Items (SigInterface), 14 ,  7425766
,Input Bool writeable, 2 ,  4254530
,UA Items (SigInterface), 14 ,  5983004
,Input Bool writeable, 2 ,  3833184
,UA Items (SigInterface), 14 ,  4969160
,Output Double, 2 ,  5271045
,UA Items (SigInterface), 14 ,  5040852
,Output Double, 2 ,  5110912
,UA Items (SigInterface), 14 ,  6600106
,Output Double, 2 ,  7687483
,UA Items (SigInterface), 14 ,  8222574
,Output Double, 2 ,  6851747
,UA Items (SigInterface), 14 ,  6832890
,Output Bool, 2 ,  10048680
,UA Items (SigInterface), 14 ,  7617495
,Output Bool, 2 ,  7795246
,UA Items (SigInterface), 14 ,  6508028
,Output Bool, 2 ,  7268758
,UA Items (SigInterface), 14 ,  6211318
,Output Bool, 2 ,  7317704
,UA Items (SigInterface), 14 ,  8052353
,Output Bool, 2 ,  8049617
,UA Items (SigInterface), 14 ,  5718134
,Output Bool, 2 ,  9269646
,UA Items (SigInterface), 14 ,  6848338
,Output Bool, 2 ,  7732018
,UA Items (SigInterface), 14 ,  7406878
,Output Bool, 2 ,  7303931
,UA Items (SigInterface), 14 ,  28274806
,Output Bool, 2 ,  7676836
,UA Items (SigInterface), 14 ,  7910348
,Output Bool, 2 ,  8089995
,UA Items (SigInterface), 14 ,  8036609
,Output Bool, 2 ,  7485351
,UA Items (SigInterface), 14 ,  7115724
,Output Bool, 2 ,  7455033
,UA Items (SigInterface), 14 ,  6552009
,Output Bool, 2 ,  8584263
,UA Items (SigInterface), 14 ,  6982300
,Output Bool, 2 ,  7314667
,UA Items (SigInterface), 14 ,  6621331
,Output Bool, 2 ,  7964528
,UA Items (SigInterface), 14 ,  7547304
,Output Bool, 2 ,  8007269
,UA Items (SigInterface), 14 ,  7114010
,Output Bool, 2 ,  7872852
,UA Items (SigInterface), 14 ,  7124732
,Output Bool, 2 ,  7668148
,UA Items (SigInterface), 14 ,  7480550
,Output Bool, 2 ,  8334357
,UA Items (SigInterface), 14 ,  8365150
,NavigatorButton, 1 ,  1004101
,NavigatorButton, 1 ,  676990
,VIObject Container Rectangle, 1 ,  457327
,LibraryComponent, 5 ,  1387824
,NavigatorButton, 1 ,  783573
,NavigatorButton, 1 ,  770403
,NavigatorButton, 1 ,  641326
,NavigatorButton, 1 ,  811997
,NavigatorButton, 1 ,  622308
,NavigatorButton, 1 ,  688064
,Input Bool writeable, 2 ,  4509004
,UA Items (SigInterface), 14 ,  7091298
,Input Bool writeable, 2 ,  5528998
,UA Items (SigInterface), 14 ,  8537375
,Input Bool writeable, 2 ,  5927221
,UA Items (SigInterface), 14 ,  8440354
,Input Bool writeable, 2 ,  4345218
,UA Items (SigInterface), 14 ,  7456162
,Input Bool writeable, 2 ,  4307673
,UA Items (SigInterface), 14 ,  7134661
,Input Bool writeable, 2 ,  5218205
,UA Items (SigInterface), 14 ,  5232673
,Input Bool writeable, 2 ,  5755108
,UA Items (SigInterface), 14 ,  8105652
,Input Bool writeable, 2 ,  5552789
,UA Items (SigInterface), 14 ,  7516830
,Input Bool writeable, 2 ,  5478489
,UA Items (SigInterface), 14 ,  8316765
,Input Bool writeable, 2 ,  5439032
,UA Items (SigInterface), 14 ,  7015407
,Input Bool writeable, 2 ,  5086586
,UA Items (SigInterface), 14 ,  8542649
,Input Bool writeable, 2 ,  6687808
,UA Items (SigInterface), 14 ,  7411084
,Input Bool writeable, 2 ,  4996161
,UA Items (SigInterface), 14 ,  6880931
,Input Bool writeable, 2 ,  4642682
,UA Items (SigInterface), 14 ,  7701582
,Input Bool writeable, 2 ,  5821157
,UA Items (SigInterface), 14 ,  7500864
,Input Bool writeable, 2 ,  4430127
,UA Items (SigInterface), 14 ,  14632642
,Input Bool writeable, 2 ,  5275416
,UA Items (SigInterface), 14 ,  7503919
,Input Bool writeable, 2 ,  5236131
,UA Items (SigInterface), 14 ,  7284123
,Input Bool writeable, 2 ,  4533330
,UA Items (SigInterface), 14 ,  6790861
,Input Bool writeable, 2 ,  4524832
,UA Items (SigInterface), 14 ,  6550885
,Input Bool writeable, 2 ,  3319513
,UA Items (SigInterface), 14 ,  4970966
,Input Bool writeable, 2 ,  3910470
,UA Items (SigInterface), 14 ,  4978835
,Input Bool writeable, 2 ,  3559736
,UA Items (SigInterface), 14 ,  5392697
,Input Bool writeable, 2 ,  3356736
,UA Items (SigInterface), 14 ,  4894656
,Output Bool, 2 ,  7365757
,UA Items (SigInterface), 14 ,  7095056
,Output Bool, 2 ,  7302891
,UA Items (SigInterface), 14 ,  7195011
,Output Bool, 2 ,  7313980
,UA Items (SigInterface), 14 ,  4926743
,Output Bool, 2 ,  5263929
,UA Items (SigInterface), 14 ,  4929438
,Output Bool, 2 ,  5751423
,UA Items (SigInterface), 14 ,  5021515
,Output Bool, 2 ,  5349070
,UA Items (SigInterface), 14 ,  5070213
,Output Bool, 2 ,  5208281
,UA Items (SigInterface), 14 ,  5524720
,Output Bool, 2 ,  5232153
,UA Items (SigInterface), 14 ,  6832593
,Output Bool, 2 ,  8084525
,UA Items (SigInterface), 14 ,  8038680
,Output Bool, 2 ,  7526992
,UA Items (SigInterface), 14 ,  7871169
,Output Bool, 2 ,  7797806
,UA Items (SigInterface), 14 ,  7174866
,Output Bool, 2 ,  8820115
,UA Items (SigInterface), 14 ,  6860749
,Output Bool, 2 ,  7740863
,UA Items (SigInterface), 14 ,  7147391
,Output Bool, 2 ,  7622754
,UA Items (SigInterface), 14 ,  7087119
,Output Bool, 2 ,  7876281
,UA Items (SigInterface), 14 ,  7348481
,Output Bool, 2 ,  8132379
,UA Items (SigInterface), 14 ,  7116552
,NavigatorButton, 1 ,  1069146
,NavigatorButton, 1 ,  1609503
,NavigatorButton, 1 ,  1104204
,NavigatorButton, 1 ,  914745
,Output Bool, 2 ,  5022494
,UA Items (SigInterface), 14 ,  5485723
,NavigatorButton, 1 ,  1155374
,NavigatorButton, 1 ,  789107
,NavigatorButton, 1 ,  646717
,NavigatorButton, 1 ,  574844
,Output Bool, 2 ,  5127732
,UA Items (SigInterface), 14 ,  17612584
,NavigatorButton, 1 ,  685007
,NavigatorButton, 1 ,  641076
,NavigatorButton, 1 ,  652210
,NavigatorButton, 1 ,  844800
,NavigatorButton, 1 ,  1235034
,NavigatorButton, 1 ,  1217056
,Input Bool writeable, 2 ,  5280707
,UA Items (SigInterface), 14 ,  7110280
,Output Bool, 2 ,  8433134
,UA Items (SigInterface), 14 ,  7708525
,NavigatorButton, 1 ,  1045160
,NavigatorButton, 1 ,  687205
,Output Bool, 2 ,  8670523
,UA Items (SigInterface), 14 ,  7467606
,NavigatorButton, 1 ,  1176526
,NavigatorButton, 1 ,  1103446
,Output Double, 2 ,  7113063
,UA Items (SigInterface), 14 ,  7088179
,Output Double, 2 ,  6981858
,UA Items (SigInterface), 14 ,  7635158
,Output Double, 2 ,  6997359
,UA Items (SigInterface), 14 ,  7955536
,Output Double, 2 ,  7835624
,UA Items (SigInterface), 14 ,  7244852
,Output Double, 2 ,  7330928
,UA Items (SigInterface), 14 ,  7182538
,Output Double, 2 ,  7353607
,UA Items (SigInterface), 14 ,  7275607
,Output Bool, 2 ,  6937009
,UA Items (SigInterface), 14 ,  6952205
,NavigatorButton, 1 ,  1233147
,NavigatorButton, 1 ,  1272267
,NavigatorButton, 1 ,  1280428
,NavigatorButton, 1 ,  1672608
,NavigatorButton, 1 ,  1325011
,NavigatorButton, 1 ,  1123045
,Output Bool, 2 ,  8117369
,UA Items (SigInterface), 14 ,  7650038
,NavigatorButton, 1 ,  1046664
,NavigatorButton, 1 ,  678568
,NavigatorButton, 1 ,  1208834
,NavigatorButton, 1 ,  1503107
,NavigatorButton, 1 ,  1146176
,NavigatorButton, 1 ,  737936
,NavigatorButton, 1 ,  1198562
,NavigatorButton, 1 ,  1060956
,NavigatorButton, 1 ,  1048430
,NavigatorButton, 1 ,  823506
,NavigatorButton, 1 ,  1247505
,NavigatorButton, 1 ,  1065645
,NavigatorButton, 1 ,  1051234
,NavigatorButton, 1 ,  904542
,NavigatorButton, 1 ,  1264305
,NavigatorButton, 1 ,  1088993
,FunctionButton, 2 ,  4014553
,UA Items (FunctionInterface), 22 ,  2187270
,FunctionButton, 2 ,  3495286
,UA Items (FunctionInterface), 22 ,  2124261
,VIObject Container Rectangle, 1 ,  266428
,LibraryComponent, 5 ,  1774111
,VIObject Container Rectangle, 1 ,  241386
,LibraryComponent, 5 ,  2181478
,VIObject Container Rectangle, 1 ,  279097
,LibraryComponent, 5 ,  1335949
,VIObject Container Rectangle, 1 ,  289794
,LibraryComponent, 5 ,  1704291
,VIObject Container Rectangle, 1 ,  297372
,LibraryComponent, 5 ,  1726543
,VIObject Container Rectangle, 1 ,  280861
,LibraryComponent, 5 ,  1824310
,VIObject Container Rectangle, 1 ,  302224
,LibraryComponent, 5 ,  1804083
,VIObject Container Rectangle, 1 ,  296759
,LibraryComponent, 5 ,  1707834
,VIObject Container Rectangle, 1 ,  338519
,LibraryComponent, 5 ,  1705874
,VIObject Container Rectangle, 1 ,  325878
,LibraryComponent, 5 ,  2283907
,VIObject Container Rectangle, 1 ,  293361
,LibraryComponent, 6 ,  2044778
,VIObject Container Rectangle, 1 ,  407493
,LibraryComponent, 6 ,  2033755
,VIObject Container Rectangle, 1 ,  223286
,LibraryComponent, 6 ,  1620833
,VIObject Container Rectangle, 1 ,  301000
,LibraryComponent, 6 ,  2273896
,VIObject Container Rectangle, 1 ,  244410
,LibraryComponent, 6 ,  1670747
,NavigatorButton, 1 ,  1118360
,NavigatorButton, 1 ,  1165853
,Output Bool, 2 ,  8049033
,UA Items (SigInterface), 14 ,  6945782
,NavigatorButton, 1 ,  919304
,NavigatorButton, 1 ,  1111950
,NavigatorButton, 1 ,  1432410
,VIObject Container Rectangle, 1 ,  264638
,LibraryComponent, 4 ,  1566138
,NavigatorButton, 1 ,  1130561
,NavigatorButton, 1 ,  1034224
,Output Bool, 2 ,  7205967
,UA Items (SigInterface), 14 ,  7407187
,NavigatorButton, 1 ,  1036779
,NavigatorButton, 1 ,  696302
,NavigatorButton, 1 ,  1243837
,VIObject Container Rectangle, 1 ,  260276
,LibraryComponent, 4 ,  1488115
,NavigatorButton, 1 ,  995344
,NavigatorButton, 1 ,  874452
,Output Bool, 2 ,  8219995
,UA Items (SigInterface), 14 ,  8155616
,NavigatorButton, 1 ,  1140644
,NavigatorButton, 1 ,  1013853
,NavigatorButton, 1 ,  900610
,VIObject Container Rectangle, 1 ,  279648
,LibraryComponent, 4 ,  1472240
,NavigatorButton, 1 ,  687343
,NavigatorButton, 1 ,  985886
,Input Bool writeable, 2 ,  6142541
,UA Items (SigInterface), 14 ,  7246866
,Output Bool, 2 ,  7750631
,UA Items (SigInterface), 14 ,  7093510
,NavigatorButton, 1 ,  1436331
,NavigatorButton, 1 ,  684896
,FunctionButton, 2 ,  3618658
,UA Items (FunctionInterface), 21 ,  1748286
,NavigatorButton, 1 ,  942723
,NavigatorButton, 1 ,  1008392
,Input Bool writeable, 2 ,  5519058
,UA Items (SigInterface), 14 ,  20723925
,Input Bool writeable, 2 ,  6330028
,UA Items (SigInterface), 14 ,  7864918
,Input Bool writeable, 2 ,  6084174
,UA Items (SigInterface), 14 ,  7790219
,Input Bool writeable, 2 ,  5598127
,UA Items (SigInterface), 14 ,  7813117
,Input Bool writeable, 2 ,  5631307
,UA Items (SigInterface), 14 ,  8300340
,Input Bool writeable, 2 ,  3809096
,UA Items (SigInterface), 14 ,  4783021
,Input Bool writeable, 2 ,  6446447
,UA Items (SigInterface), 14 ,  6469003
,Input Bool writeable, 2 ,  4748386
,UA Items (SigInterface), 14 ,  7793671
,Input Bool writeable, 2 ,  4959090
,UA Items (SigInterface), 14 ,  7564418
,Input Bool writeable, 2 ,  4323120
,UA Items (SigInterface), 14 ,  6926583
,Input Bool writeable, 2 ,  6013958
,UA Items (SigInterface), 14 ,  6383633
,Input Bool writeable, 2 ,  5269525
,UA Items (SigInterface), 14 ,  6792559
,Input Bool writeable, 2 ,  6355349
,UA Items (SigInterface), 14 ,  7533464
,Input Bool writeable, 2 ,  4476474
,UA Items (SigInterface), 14 ,  7742323
,Input Bool writeable, 2 ,  3852180
,UA Items (SigInterface), 14 ,  6792621
,Input Bool writeable, 2 ,  4662858
,UA Items (SigInterface), 14 ,  6300868
,Output Bool, 2 ,  8069479
,UA Items (SigInterface), 14 ,  7569301
,Output Bool, 2 ,  6963700
,UA Items (SigInterface), 14 ,  6943356
,Output Bool, 2 ,  7311690
,UA Items (SigInterface), 14 ,  6955853
,Output Bool, 2 ,  7698711
,UA Items (SigInterface), 14 ,  7546479
,Output Bool, 2 ,  7721237
,UA Items (SigInterface), 14 ,  7334991
,Output Bool, 2 ,  7930156
,UA Items (SigInterface), 14 ,  7892316
,Output Bool, 2 ,  7313848
,UA Items (SigInterface), 14 ,  7285749
,Output Bool, 2 ,  7614016
,UA Items (SigInterface), 14 ,  7437770
,Output Bool, 2 ,  7715206
,UA Items (SigInterface), 14 ,  6915585
,Output Bool, 2 ,  7721604
,UA Items (SigInterface), 14 ,  6941466
,Output Bool, 2 ,  7861915
,UA Items (SigInterface), 14 ,  7089737
,Output Bool, 2 ,  7310400
,UA Items (SigInterface), 14 ,  7057043
,Output Bool, 2 ,  7975519
,UA Items (SigInterface), 14 ,  20819726
,NavigatorButton, 1 ,  1489244
,NavigatorButton, 1 ,  759712
,NavigatorButton, 1 ,  1240927
,NavigatorButton, 1 ,  1035736
,NavigatorButton, 1 ,  1042833
,NavigatorButton, 1 ,  1058340
,NavigatorButton, 1 ,  844043
,FunctionButton, 2 ,  3746349
,UA Items (FunctionInterface), 22 ,  2225333
,FunctionButton, 2 ,  3341014
,UA Items (FunctionInterface), 22 ,  2059541
,VIObject Container Rectangle, 1 ,  329914
,LibraryComponent, 5 ,  1331285
,VIObject Container Rectangle, 1 ,  360939
,LibraryComponent, 5 ,  1805455
,VIObject Container Rectangle, 1 ,  417712
,LibraryComponent, 4 ,  1107037
,VIObject Container Rectangle, 1 ,  278529
,LibraryComponent, 5 ,  1410596
,VIObject Container Rectangle, 1 ,  328322
,LibraryComponent, 5 ,  1771966
,VIObject Container Rectangle, 1 ,  448275
,LibraryComponent, 5 ,  3203331
,NavigatorButton, 1 ,  1091753
,NavigatorButton, 1 ,  1095561
,Output Bool, 2 ,  8352520
,UA Items (SigInterface), 14 ,  7716605
,NavigatorButton, 1 ,  1117024
,NavigatorButton, 1 ,  1053790
,NavigatorButton, 1 ,  1029801
,VIObject Container Rectangle, 1 ,  277578
,LibraryComponent, 4 ,  1764268
,NavigatorButton, 1 ,  1177003
,NavigatorButton, 1 ,  1030988
,Output Bool, 2 ,  7184922
,UA Items (SigInterface), 14 ,  7529313
,NavigatorButton, 1 ,  1047084
,NavigatorButton, 1 ,  749273
,NavigatorButton, 1 ,  1165902
,VIObject Container Rectangle, 1 ,  258916
,LibraryComponent, 4 ,  1490874
,NavigatorButton, 1 ,  1062975
,NavigatorButton, 1 ,  917481
,Output Bool, 2 ,  8024323
,UA Items (SigInterface), 14 ,  6984201
,NavigatorButton, 1 ,  1097698
,NavigatorButton, 1 ,  945104
,NavigatorButton, 1 ,  844345
,VIObject Container Rectangle, 1 ,  349109
,LibraryComponent, 4 ,  1460305
,NavigatorButton, 1 ,  839827
,NavigatorButton, 1 ,  994830
,Input Bool writeable, 2 ,  5154884
,UA Items (SigInterface), 14 ,  7351277
,Output Bool, 2 ,  6617377
,UA Items (SigInterface), 14 ,  7693306
,NavigatorButton, 1 ,  1270776
,NavigatorButton, 1 ,  1951965
,FunctionButton, 2 ,  3180709
,UA Items (FunctionInterface), 21 ,  2233585
,Output Bool, 2 ,  9189612
,UA Items (SigInterface), 14 ,  7368888
,Output Bool, 2 ,  8834764
,UA Items (SigInterface), 14 ,  7604451
,Output Bool, 2 ,  7676022
,UA Items (SigInterface), 14 ,  5317044
,Output Bool, 2 ,  6929586
,UA Items (SigInterface), 14 ,  5860839
,Output Bool, 2 ,  8279554
,UA Items (SigInterface), 14 ,  7161331
,Output Bool, 2 ,  7551958
,UA Items (SigInterface), 14 ,  7038198
,Output Bool, 2 ,  8111848
,UA Items (SigInterface), 14 ,  7310849
,Output Bool, 2 ,  8617653
,UA Items (SigInterface), 14 ,  8379742
,Output Bool, 2 ,  7674678
,UA Items (SigInterface), 14 ,  8032078
,Output Bool, 2 ,  7615752
,UA Items (SigInterface), 14 ,  6912288
,Output Bool, 2 ,  7542860
,UA Items (SigInterface), 14 ,  7075553
,Output Bool, 2 ,  6664674
,UA Items (SigInterface), 14 ,  5260481
,Output Bool, 2 ,  6204351
,UA Items (SigInterface), 14 ,  8952238
,Output Bool, 2 ,  5314487
,UA Items (SigInterface), 14 ,  7216302
,Output Bool, 2 ,  7935302
,UA Items (SigInterface), 14 ,  7545468
,Output Bool, 2 ,  7306115
,UA Items (SigInterface), 14 ,  22357910
,Output Bool, 2 ,  6892764
,UA Items (SigInterface), 14 ,  9023129
,Output Bool, 2 ,  7396582
,UA Items (SigInterface), 14 ,  7126348
,NavigatorButton, 1 ,  992015
,NavigatorButton, 1 ,  720820
,Input Bool writeable, 2 ,  5759382
,UA Items (SigInterface), 14 ,  8267608
,Input Bool writeable, 2 ,  5101838
,UA Items (SigInterface), 14 ,  7155259
,Input Bool writeable, 2 ,  5158984
,UA Items (SigInterface), 14 ,  6609496
,Input Bool writeable, 2 ,  5136784
,UA Items (SigInterface), 14 ,  7014598
,Input Bool writeable, 2 ,  5041115
,UA Items (SigInterface), 14 ,  7457197
,Input Bool writeable, 2 ,  5060135
,UA Items (SigInterface), 14 ,  7090580
,Input Bool writeable, 2 ,  4940837
,UA Items (SigInterface), 14 ,  7211053
,Input Bool writeable, 2 ,  5489067
,UA Items (SigInterface), 14 ,  6554110
,Input Bool writeable, 2 ,  6577244
,UA Items (SigInterface), 14 ,  5714030
,Input Bool writeable, 2 ,  4402976
,UA Items (SigInterface), 14 ,  7631098
,Input Bool writeable, 2 ,  4489973
,UA Items (SigInterface), 14 ,  6474729
,Input Bool writeable, 2 ,  3315421
,UA Items (SigInterface), 14 ,  4695047
,Input Bool writeable, 2 ,  3687335
,UA Items (SigInterface), 14 ,  6553331
,Input Bool writeable, 2 ,  4851214
,UA Items (SigInterface), 14 ,  7778154
,Input Bool writeable, 2 ,  4325066
,UA Items (SigInterface), 14 ,  7465288
,Input Bool writeable, 2 ,  4429124
,UA Items (SigInterface), 14 ,  7628477
,Output Bool, 2 ,  7086788
,UA Items (SigInterface), 14 ,  6642606
,Output Bool, 2 ,  7488206
,UA Items (SigInterface), 14 ,  6659357
,Output Bool, 2 ,  7079661
,UA Items (SigInterface), 14 ,  7011695
,Output Bool, 2 ,  6600910
,UA Items (SigInterface), 14 ,  6829553
,Output Bool, 2 ,  8227003
,UA Items (SigInterface), 14 ,  7176697
,Output Bool, 2 ,  8576153
,UA Items (SigInterface), 14 ,  6927577
,Output Bool, 2 ,  7282248
,UA Items (SigInterface), 14 ,  7106419
,Output Bool, 2 ,  5599781
,UA Items (SigInterface), 14 ,  4931826
,Output Bool, 2 ,  6594799
,UA Items (SigInterface), 14 ,  4927976
,Output Bool, 2 ,  5226743
,UA Items (SigInterface), 14 ,  5332137
,Output Bool, 2 ,  20582086
,UA Items (SigInterface), 14 ,  4796907
,Output Bool, 2 ,  7382264
,UA Items (SigInterface), 14 ,  7815358
,Output Bool, 2 ,  7810806
,UA Items (SigInterface), 14 ,  6838289
,NavigatorButton, 1 ,  633827
,NavigatorButton, 1 ,  548962
,NavigatorButton, 1 ,  1094926
,NavigatorButton, 1 ,  2109732
,NavigatorButton, 1 ,  1081966
,NavigatorButton, 1 ,  783775
,NavigatorButton, 1 ,  985492
,FunctionButton, 2 ,  3398957
,UA Items (FunctionInterface), 22 ,  2106081
,FunctionButton, 2 ,  3983667
,UA Items (FunctionInterface), 22 ,  2097769
,VIObject Container Rectangle, 1 ,  306494
,LibraryComponent, 5 ,  1520746
,VIObject Container Rectangle, 1 ,  323813
,LibraryComponent, 5 ,  1687660
,VIObject Container Rectangle, 1 ,  218348
,LibraryComponent, 4 ,  1453979
,VIObject Container Rectangle, 1 ,  282518
,LibraryComponent, 5 ,  2291013
,VIObject Container Rectangle, 1 ,  296847
,LibraryComponent, 5 ,  1832024
,VIObject Container Rectangle, 1 ,  299896
,LibraryComponent, 5 ,  1702690
,NavigatorButton, 1 ,  919852
,NavigatorButton, 1 ,  2077155
,NavigatorButton, 1 ,  1121296
,NavigatorButton, 1 ,  1021842
,Input Bool writeable, 2 ,  5232894
,UA Items (SigInterface), 14 ,  6942542
,Output Bool, 2 ,  7262656
,UA Items (SigInterface), 14 ,  7220805
,Output Bool, 2 ,  7789528
,UA Items (SigInterface), 14 ,  7441511
,Output Bool, 2 ,  8068007
,UA Items (SigInterface), 14 ,  7409423
,NavigatorButton, 1 ,  1019830
,NavigatorButton, 1 ,  803530
,FunctionButton, 2 ,  3701275
,UA Items (FunctionInterface), 21 ,  1847337
,Input Bool writeable, 2 ,  5146613
,UA Items (SigInterface), 14 ,  7139603
,Output Bool, 2 ,  7066110
,UA Items (SigInterface), 14 ,  7138365
,Output Bool, 2 ,  7400427
,UA Items (SigInterface), 14 ,  6848493
,Output Bool, 2 ,  7215889
,UA Items (SigInterface), 14 ,  6789654
,Output Bool, 2 ,  7539238
,UA Items (SigInterface), 14 ,  6519866
,NavigatorButton, 1 ,  1476752
,NavigatorButton, 1 ,  602942
,NavigatorButton, 1 ,  606689
,NavigatorButton, 1 ,  941001
,Output Bool, 2 ,  7594453
,UA Items (SigInterface), 14 ,  7292197
,NavigatorButton, 1 ,  1117564
,NavigatorButton, 1 ,  852287
,NavigatorButton, 1 ,  882423
,VIObject Container Rectangle, 1 ,  177240
,LibraryComponent, 4 ,  1375460
,NavigatorButton, 1 ,  1110941
,NavigatorButton, 1 ,  1114775
,Input Bool writeable, 2 ,  5084388
,UA Items (SigInterface), 14 ,  7775423
,Input Bool writeable, 2 ,  5686417
,UA Items (SigInterface), 14 ,  6654634
,Input Bool writeable, 2 ,  4725913
,UA Items (SigInterface), 14 ,  6607150
,Input Bool writeable, 2 ,  5448203
,UA Items (SigInterface), 14 ,  7726509
,Input Bool writeable, 2 ,  5192997
,UA Items (SigInterface), 14 ,  8138030
,Input Bool writeable, 2 ,  4338393
,UA Items (SigInterface), 14 ,  7999645
,Input Bool writeable, 2 ,  4377438
,UA Items (SigInterface), 14 ,  7641632
,Input Bool writeable, 2 ,  5354669
,UA Items (SigInterface), 14 ,  8971961
,Input Bool writeable, 2 ,  5833494
,UA Items (SigInterface), 14 ,  8788985
,Input Bool writeable, 2 ,  5300519
,UA Items (SigInterface), 14 ,  6248856
,Input Bool writeable, 2 ,  3655435
,UA Items (SigInterface), 14 ,  23630269
,Input Bool writeable, 2 ,  3977303
,UA Items (SigInterface), 14 ,  5068562
,Input Bool writeable, 2 ,  3527333
,UA Items (SigInterface), 14 ,  5715111
,Input Bool writeable, 2 ,  4110555
,UA Items (SigInterface), 14 ,  5258292
,Input Bool writeable, 2 ,  4106648
,UA Items (SigInterface), 14 ,  5693204
,Input Bool writeable, 2 ,  3727678
,UA Items (SigInterface), 14 ,  7329002
,Input Bool writeable, 2 ,  5551576
,UA Items (SigInterface), 14 ,  8328960
,Input Bool writeable, 2 ,  4011067
,UA Items (SigInterface), 14 ,  5639193
,Input Bool writeable, 2 ,  4968463
,UA Items (SigInterface), 14 ,  6734674
,Input Bool writeable, 2 ,  5317727
,UA Items (SigInterface), 14 ,  8437773
,Input Bool writeable, 2 ,  5348359
,UA Items (SigInterface), 14 ,  7913730
,Input Bool writeable, 2 ,  4492999
,UA Items (SigInterface), 14 ,  7800972
,Input Bool writeable, 2 ,  4482999
,UA Items (SigInterface), 14 ,  7464726
,Input Bool writeable, 2 ,  3870013
,UA Items (SigInterface), 14 ,  4866572
,Input Bool writeable, 2 ,  3510466
,UA Items (SigInterface), 14 ,  5448338
,Input Bool writeable, 2 ,  3476399
,UA Items (SigInterface), 14 ,  4770458
,Input Bool writeable, 2 ,  3278073
,UA Items (SigInterface), 14 ,  7385309
,Input Bool writeable, 2 ,  5028932
,UA Items (SigInterface), 14 ,  7869067
,Input Bool writeable, 2 ,  5130306
,UA Items (SigInterface), 14 ,  8206203
,Input Bool writeable, 2 ,  5411515
,UA Items (SigInterface), 14 ,  8475875
,Input Bool writeable, 2 ,  5660707
,UA Items (SigInterface), 14 ,  8159797
,Output Bool, 2 ,  8590540
,UA Items (SigInterface), 14 ,  5607044
,Output Bool, 2 ,  8160195
,UA Items (SigInterface), 14 ,  8499003
,Output Bool, 2 ,  7164356
,UA Items (SigInterface), 14 ,  7269328
,Output Bool, 2 ,  7000122
,UA Items (SigInterface), 14 ,  7373363
,Output Bool, 2 ,  6480375
,UA Items (SigInterface), 14 ,  8373330
,Output Bool, 2 ,  7262025
,UA Items (SigInterface), 14 ,  6856826
,Output Bool, 2 ,  6995937
,UA Items (SigInterface), 14 ,  6768379
,Output Bool, 2 ,  6694017
,UA Items (SigInterface), 14 ,  6850179
,Output Bool, 2 ,  8415740
,UA Items (SigInterface), 14 ,  6079769
,Output Bool, 2 ,  24899063
,UA Items (SigInterface), 14 ,  7462370
,Output Bool, 2 ,  7960052
,UA Items (SigInterface), 14 ,  7251105
,Output Bool, 2 ,  7346141
,UA Items (SigInterface), 14 ,  7278778
,Output Bool, 2 ,  7029871
,UA Items (SigInterface), 14 ,  6847021
,Output Bool, 2 ,  7020818
,UA Items (SigInterface), 14 ,  6779964
,Output Bool, 2 ,  9821269
,UA Items (SigInterface), 14 ,  5896023
,Output Bool, 2 ,  8101761
,UA Items (SigInterface), 14 ,  7098471
,Output Bool, 2 ,  7396111
,UA Items (SigInterface), 14 ,  6955570
,Output Bool, 2 ,  7044097
,UA Items (SigInterface), 14 ,  8089509
,Output Bool, 2 ,  6036946
,UA Items (SigInterface), 14 ,  7554098
,Output Bool, 2 ,  7602147
,UA Items (SigInterface), 14 ,  7098422
,Output Bool, 2 ,  7404206
,UA Items (SigInterface), 14 ,  7037423
,Output Bool, 2 ,  7561739
,UA Items (SigInterface), 14 ,  7077268
,Output Bool, 2 ,  8144940
,UA Items (SigInterface), 14 ,  7144611
,NavigatorButton, 1 ,  1089693
,NavigatorButton, 1 ,  1030547
,Output Bool, 2 ,  8110234
,UA Items (SigInterface), 14 ,  6864333
,NavigatorButton, 1 ,  747105
,NavigatorButton, 1 ,  614449
,NavigatorButton, 1 ,  979220
,VIObject Container Rectangle, 1 ,  279067
,LibraryComponent, 4 ,  1493889
,NavigatorButton, 1 ,  1098305
,NavigatorButton, 1 ,  1006979
,FunctionButton, 2 ,  3603594
,UA Items (FunctionInterface), 21 ,  2303653
,Input Bool writeable, 2 ,  5310492
,UA Items (SigInterface), 14 ,  6171112
,Output Bool, 2 ,  6996230
,UA Items (SigInterface), 14 ,  8606432
,Output Bool, 2 ,  8978313
,UA Items (SigInterface), 14 ,  7461905
,Output Bool, 2 ,  8517296
,UA Items (SigInterface), 14 ,  7387023
,Output Bool, 2 ,  7361704
,UA Items (SigInterface), 14 ,  7178829
,NavigatorButton, 1 ,  934421
,NavigatorButton, 1 ,  1010654
,Output Bool, 2 ,  7536791
,UA Items (SigInterface), 14 ,  7325708
,NavigatorButton, 1 ,  1056103
,NavigatorButton, 1 ,  758913
,NavigatorButton, 1 ,  1160049
,VIObject Container Rectangle, 1 ,  265592
,LibraryComponent, 4 ,  1484859
,NavigatorButton, 1 ,  1044513
,NavigatorButton, 1 ,  762607
,Output Bool, 2 ,  7678169
,UA Items (SigInterface), 14 ,  6631482
,NavigatorButton, 1 ,  1107887
,NavigatorButton, 1 ,  1032752
,NavigatorButton, 1 ,  790906
,VIObject Container Rectangle, 1 ,  221757
,LibraryComponent, 4 ,  1635776
,NavigatorButton, 1 ,  1575690
,NavigatorButton, 1 ,  1090515
,Output Bool, 2 ,  7847214
,UA Items (SigInterface), 14 ,  7268786
,NavigatorButton, 1 ,  1080315
,NavigatorButton, 1 ,  1061502
,NavigatorButton, 1 ,  688457
,VIObject Container Rectangle, 1 ,  165002
,LibraryComponent, 4 ,  18855187
,NavigatorButton, 1 ,  1078442
,NavigatorButton, 1 ,  860207
,NavigatorButton, 1 ,  937887
,NavigatorButton, 1 ,  1083943
,NavigatorButton, 1 ,  644170
,NavigatorButton, 1 ,  1237718
,NavigatorButton, 1 ,  1238386
,NavigatorButton, 1 ,  1044460
,NavigatorButton, 1 ,  1060616
,NavigatorButton, 1 ,  1135563
,NavigatorButton, 1 ,  1048273
,NavigatorButton, 1 ,  858222
,FunctionButton, 2 ,  3804327
,UA Items (FunctionInterface), 22 ,  1623129
,FunctionButton, 2 ,  4487357
,UA Items (FunctionInterface), 22 ,  2188952
,VIObject Container Rectangle, 1 ,  286355
,LibraryComponent, 5 ,  1727629
,VIObject Container Rectangle, 1 ,  494387
,LibraryComponent, 5 ,  2222635
,VIObject Container Rectangle, 1 ,  308946
,LibraryComponent, 5 ,  2720634
,VIObject Container Rectangle, 1 ,  295758
,LibraryComponent, 5 ,  1745336
,VIObject Container Rectangle, 1 ,  289616
,LibraryComponent, 5 ,  1708574
,VIObject Container Rectangle, 1 ,  269618
,LibraryComponent, 5 ,  1781250
,VIObject Container Rectangle, 1 ,  215005
,LibraryComponent, 5 ,  1678751
,VIObject Container Rectangle, 1 ,  412235
,LibraryComponent, 5 ,  2111213
,VIObject Container Rectangle, 1 ,  272395
,LibraryComponent, 5 ,  1146985
,VIObject Container Rectangle, 1 ,  304513
,LibraryComponent, 5 ,  1669710
,VIObject Container Rectangle, 1 ,  312265
,LibraryComponent, 4 ,  1469562
,NavigatorButton, 1 ,  910942
,NavigatorButton, 1 ,  1062803
,Output Bool, 2 ,  7061865
,UA Items (SigInterface), 14 ,  6417364
,NavigatorButton, 1 ,  868572
,NavigatorButton, 1 ,  911865
,VIObject Container Rectangle, 1 ,  271741
,LibraryComponent, 5 ,  2240938
,NavigatorButton, 1 ,  639881
,NavigatorButton, 1 ,  1165389
,NavigatorButton, 1 ,  842498
,NavigatorButton, 1 ,  523708
,NavigatorButton, 1 ,  841196
,NavigatorButton, 1 ,  750069
,FunctionButton, 2 ,  2409251
,UA Items (FunctionInterface), 21 ,  1293680
,FunctionButton, 2 ,  3097904
,UA Items (FunctionInterface), 21 ,  3038920
,FunctionButton, 2 ,  3663577
,UA Items (FunctionInterface), 21 ,  2005424
,FunctionButton, 2 ,  4187453
,UA Items (FunctionInterface), 21 ,  1990473
,FunctionButton, 2 ,  3293580
,UA Items (FunctionInterface), 21 ,  2081246
,FunctionButton, 2 ,  3440988
,UA Items (FunctionInterface), 21 ,  2004026
,VIObject Container Rectangle, 1 ,  333861
,MatFlow, 3 ,  1519482
,Stopper, 7 ,  14361048
,UA Items (SigInterface), 54 ,  26397967
,Stopper, 7 ,  17420607
,UA Items (SigInterface), 54 ,  29123107
,Stopper, 7 ,  6496182
,UA Items (SigInterface), 30 ,  12704371
,Stopper, 7 ,  21448060
,UA Items (SigInterface), 102 ,  46707675
,Stopper, 7 ,  37154754
,UA Items (SigInterface), 78 ,  37382373
,Stopper, 7 ,  8486360
,UA Items (SigInterface), 30 ,  15643237
,Stopper, 7 ,  9109960
,UA Items (SigInterface), 30 ,  13674208
,Stopper, 7 ,  19049867
,UA Items (SigInterface), 78 ,  41558110
,Stopper, 7 ,  10212697
,UA Items (SigInterface), 30 ,  14835683
,Stopper, 7 ,  14032729
,UA Items (SigInterface), 54 ,  26256444
,Stopper, 7 ,  25897332
,UA Items (SigInterface), 102 ,  51023816
,Stopper, 7 ,  36863648
,UA Items (SigInterface), 54 ,  28993193
,Stopper, 7 ,  10225902
,UA Items (SigInterface), 30 ,  15271675
,Stopper, 7 ,  9702522
,UA Items (SigInterface), 30 ,  15449946
,Stopper, 7 ,  34521041
,UA Items (SigInterface), 150 ,  79054336
,Stopper, 7 ,  31147742
,UA Items (SigInterface), 150 ,  90256797
,Stopper, 7 ,  44875636
,UA Items (SigInterface), 198 ,  96217576
,Stopper, 7 ,  16916397
,UA Items (SigInterface), 78 ,  35493098
,Stopper, 7 ,  6498451
,UA Items (SigInterface), 30 ,  12893658
,Stopper, 7 ,  11756244
,UA Items (SigInterface), 54 ,  23804695
,Stopper, 7 ,  41446723
,UA Items (SigInterface), 126 ,  60934391
,Stopper, 7 ,  33375704
,UA Items (SigInterface), 150 ,  69238703
,Stopper, 7 ,  21837360
,UA Items (SigInterface), 102 ,  57676333
,Stopper, 7 ,  6511271
,UA Items (SigInterface), 30 ,  12571965
,Stopper, 7 ,  31796947
,UA Items (SigInterface), 78 ,  38267499
,Stopper, 7 ,  36230754
,UA Items (SigInterface), 150 ,  72909339
,Stopper, 7 ,  32348215
,UA Items (SigInterface), 150 ,  74069244
,Fork and Merge, 6 ,  1122122
,Fork and Merge, 6 ,  1686910
,Fork and Merge, 6 ,  1790881
,Fork and Merge, 6 ,  1694065
,Fork and Merge, 6 ,  15291528
,Fork and Merge, 6 ,  1874622
,Fork and Merge, 6 ,  1809737
,Fork and Merge, 6 ,  1804986
,Fork and Merge, 6 ,  2019268
,Fork and Merge, 6 ,  1789418
,Fork and Merge, 6 ,  1884355
,Fork and Merge, 6 ,  1815206
,ConveyorCorner, 8 ,  2112107
,ConveyorCorner, 8 ,  2152617
,ConveyorCorner, 8 ,  1249999
,ConveyorCorner, 8 ,  1227208
,ConveyorCorner, 8 ,  1270542
,ConveyorCorner, 8 ,  1343467
,ConveyorCorner, 8 ,  1309285
,ConveyorCorner, 8 ,  1215468
,ConveyorCorner, 8 ,  1266375
,ConveyorCorner, 8 ,  1521039
,ConveyorCorner, 8 ,  1856701
,ConveyorCorner, 8 ,  1250688
,ConveyorCorner, 8 ,  1477820
,ConveyorCorner, 8 ,  1270574
,ConveyorCorner, 8 ,  1213121
,ConveyorCorner, 8 ,  1273874
,ConveyorCorner, 8 ,  1434541
,ConveyorCorner, 8 ,  1210012
,Stopper, 7 ,  21944019
,UA Items (SigInterface), 102 ,  50605116
,ConveyorCorner, 8 ,  2116277
,VIObject Container Rectangle, 1 ,  248219
,ConveyorStraight, 8 ,  3328615
,VIObject Container Rectangle, 1 ,  254304
,ConveyorStraight, 8 ,  3078286
,VIObject Container Rectangle, 1 ,  257963
,ConveyorStraight, 8 ,  3625984
,VIObject Container Rectangle, 1 ,  274747
,ConveyorStraight, 8 ,  2827876
,VIObject Container Rectangle, 1 ,  162233
,ConveyorStraight, 8 ,  3308261
,VIObject Container Rectangle, 1 ,  246621
,ConveyorStraight, 8 ,  3380381
,VIObject Container Rectangle, 1 ,  206858
,ConveyorStraight, 8 ,  3688332
,VIObject Container Rectangle, 1 ,  279654
,ConveyorStraight, 8 ,  2980117
,VIObject Container Rectangle, 1 ,  195892
,ConveyorStraight, 8 ,  3100558
,VIObject Container Rectangle, 1 ,  276921
,ConveyorStraight, 8 ,  2589648
,VIObject Container Rectangle, 1 ,  413432
,ConveyorStraight, 8 ,  3059021
,VIObject Container Rectangle, 1 ,  254338
,ConveyorStraight, 8 ,  3218651
,VIObject Container Rectangle, 1 ,  281040
,ConveyorStraight, 8 ,  3154333
,VIObject Container Rectangle, 1 ,  251813
,ConveyorStraight, 8 ,  2872764
,VIObject Container Rectangle, 1 ,  253603
,ConveyorStraight, 8 ,  2871095
,VIObject Container Rectangle, 1 ,  248304
,ConveyorStraight, 8 ,  3376921
,VIObject Container Rectangle, 1 ,  236437
,ConveyorStraight, 8 ,  2860205
,VIObject Container Rectangle, 1 ,  252640
,ConveyorStraight, 8 ,  2939133
,VIObject Container Rectangle, 1 ,  167287
,ConveyorStraight, 8 ,  3124861
,VIObject Container Rectangle, 1 ,  267170
,ConveyorStraight, 8 ,  2750492
,VIObject Container Rectangle, 1 ,  295237
,ConveyorStraight, 8 ,  3519017
,VIObject Container Rectangle, 1 ,  243643
,ConveyorStraight, 8 ,  3120964
,VIObject Container Rectangle, 1 ,  247414
,ConveyorStraight, 8 ,  2926826
,VIObject Container Rectangle, 1 ,  252859
,ConveyorStraight, 8 ,  3166280
,VIObject Container Rectangle, 1 ,  256325
,ConveyorStraight, 8 ,  3214580
,VIObject Container Rectangle, 1 ,  218151
,ConveyorStraight, 8 ,  3550044
,VIObject Container Rectangle, 1 ,  252029
,ConveyorStraight, 8 ,  3023035
,VIObject Container Rectangle, 1 ,  251378
,ConveyorStraight, 8 ,  3156328
,VIObject Container Rectangle, 1 ,  236351
,ConveyorStraight, 8 ,  2729675
,VIObject Container Rectangle, 1 ,  259563
,ConveyorStraight, 8 ,  4588304
,VIObject Container Rectangle, 1 ,  242160
,ConveyorStraight, 8 ,  2914858
,VIObject Container Rectangle, 1 ,  239449
,ConveyorStraight, 8 ,  2979800
,VIObject Container Rectangle, 1 ,  264650
,ConveyorStraight, 8 ,  2948168
,VIObject Container Rectangle, 1 ,  324727
,ConveyorStraight, 8 ,  3580329
,VIObject Container Rectangle, 1 ,  270035
,ConveyorStraight, 8 ,  3436572
,VIObject Container Rectangle, 1 ,  294729
,ConveyorStraight, 8 ,  3263125
,VIObject Container Rectangle, 1 ,  251040
,ConveyorStraight, 8 ,  3459230
,VIObject Container Rectangle, 1 ,  242113
,ConveyorStraight, 8 ,  1937379
,VIObject Container Rectangle, 1 ,  244854
,ConveyorStraight, 8 ,  3788255
,VIObject Container Rectangle, 1 ,  153548
,ConveyorStraight, 8 ,  1991915
,VIObject Container Rectangle, 1 ,  155744
,ConveyorStraight, 8 ,  2503567
,VIObject Container Rectangle, 1 ,  161997
,ConveyorStraight, 8 ,  2055360
,VIObject Container Rectangle, 1 ,  238413
,ConveyorStraight, 8 ,  2579012
,VIObject Container Rectangle, 1 ,  221359
,ConveyorStraight, 8 ,  1958951
,VIObject Container Rectangle, 1 ,  153270
,ConveyorStraight, 8 ,  1900983
,VIObject Container Rectangle, 1 ,  153678
,ConveyorStraight, 8 ,  3296871
,VIObject Container Rectangle, 1 ,  257371
,ConveyorStraight, 8 ,  2977519
,VIObject Container Rectangle, 1 ,  251366
,ConveyorStraight, 8 ,  3005422
,VIObject Container Rectangle, 1 ,  269921
,ConveyorStraight, 8 ,  3113990
,VIObject Container Rectangle, 1 ,  254205
,ConveyorStraight, 8 ,  2150718
,VIObject Container Rectangle, 1 ,  523050
,ConveyorStraight, 8 ,  7356824
,VIObject Container Rectangle, 1 ,  293500
,ConveyorStraight, 8 ,  3081117
,VIObject Container Rectangle, 1 ,  169559
,ConveyorStraight, 8 ,  2218111
,VIObject Container Rectangle, 1 ,  150840
,ConveyorStraight, 8 ,  1811141
,VIObject Container Rectangle, 1 ,  194075
,ConveyorStraight, 8 ,  2419633
,VIObject Container Rectangle, 1 ,  159458
,ConveyorStraight, 8 ,  1770750
,VIObject Container Rectangle, 1 ,  142322
,ConveyorStraight, 8 ,  1757585
,VIObject Container Rectangle, 1 ,  160527
,ConveyorStraight, 8 ,  2203672
,VIObject Container Rectangle, 1 ,  17959037
,ConveyorStraight, 8 ,  1830403
,VIObject Container Rectangle, 1 ,  160672
,ConveyorStraight, 8 ,  1857468
,VIObject Container Rectangle, 1 ,  188254
,ConveyorStraight, 8 ,  1923340
,VIObject Container Rectangle, 1 ,  151212
,ConveyorStraight, 8 ,  2221685
,VIObject Container Rectangle, 1 ,  179989
,ConveyorStraight, 8 ,  1906250
,VIObject Container Rectangle, 1 ,  152710
,ConveyorStraight, 8 ,  1836484
,VIObject Container Rectangle, 1 ,  157435
,ConveyorStraight, 8 ,  1987957
,VIObject Container Rectangle, 1 ,  153447
,ConveyorStraight, 8 ,  1723829
,VIObject Container Rectangle, 1 ,  156822
,ConveyorStraight, 8 ,  1834170
,VIObject Container Rectangle, 1 ,  223482
,Station, 5 ,  1197358
,VIObject Container Rectangle, 1 ,  153504
,Station, 5 ,  1000512
,VIObject Container Rectangle, 1 ,  140198
,Station, 5 ,  997135
,VIObject Container Rectangle, 1 ,  151764
,Station, 5 ,  1008972
,VIObject Container Rectangle, 1 ,  147990
,Station, 5 ,  1547990
,VIObject Container Rectangle, 1 ,  166533
,Station, 5 ,  958645